üöÄ Starting Infrastructure (PostgreSQL, MinIO, Keycloak)...
time="2025-12-22T22:08:27+03:00" level=warning msg="/home/faris/Documents/MyApps/supalove/docker-compose.yml: the attribute `version` is obsolete, it will be ignored, please remove it to avoid potential confusion"
 Container supalove-control-plane-db-1 Running 
 Container supalove-keycloak-1 Running 
 Container supalove-minio-1 Running 
‚è≥ Waiting for infrastructure to warm up...
üêç Starting Backend in Virtual Environment...
INFO:     Will watch for changes in these directories: ['/home/faris/Documents/MyApps/supalove/control-plane/api/src']
INFO:     Uvicorn running on http://127.0.0.1:8000 (Press CTRL+C to quit)
INFO:     Started reloader process [93296] using WatchFiles
/home/faris/Documents/MyApps/supalove/control-plane/api/.venv/lib/python3.12/site-packages/pydantic/_internal/_config.py:383: UserWarning: Valid config keys have changed in V2:
* 'orm_mode' has been renamed to 'from_attributes'
  warnings.warn(message, UserWarning)
/home/faris/Documents/MyApps/supalove/control-plane/api/.venv/lib/python3.12/site-packages/pydantic/_internal/_config.py:383: UserWarning: Valid config keys have changed in V2:
* 'orm_mode' has been renamed to 'from_attributes'
  warnings.warn(message, UserWarning)
/home/faris/Documents/MyApps/supalove/control-plane/api/.venv/lib/python3.12/site-packages/pydantic/_internal/_config.py:383: UserWarning: Valid config keys have changed in V2:
* 'orm_mode' has been renamed to 'from_attributes'
  warnings.warn(message, UserWarning)
/home/faris/Documents/MyApps/supalove/control-plane/api/.venv/lib/python3.12/site-packages/pydantic/_internal/_config.py:383: UserWarning: Valid config keys have changed in V2:
* 'orm_mode' has been renamed to 'from_attributes'
  warnings.warn(message, UserWarning)
INFO:     Started server process [93298]
INFO:     Waiting for application startup.
INFO:     Application startup complete.
[Provisioning] Using Local Docker provider
[Scheduler] Starting background scheduler...
INFO:     127.0.0.1:34438 - "GET /api/v1/health HTTP/1.1" 200 OK
(trapped) error reading bcrypt version
Traceback (most recent call last):
  File "/home/faris/Documents/MyApps/supalove/control-plane/api/.venv/lib/python3.12/site-packages/passlib/handlers/bcrypt.py", line 620, in _load_backend_mixin
    version = _bcrypt.__about__.__version__
              ^^^^^^^^^^^^^^^^^
AttributeError: module 'bcrypt' has no attribute '__about__'
INFO:     127.0.0.1:34370 - "POST /api/v1/auth/login HTTP/1.1" 200 OK
INFO:     127.0.0.1:34372 - "GET /api/v1/projects HTTP/1.1" 200 OK
INFO:     127.0.0.1:34374 - "GET /api/v1/orgs HTTP/1.1" 200 OK
DEBUG: Loading usage_service from /home/faris/Documents/MyApps/supalove/control-plane/api/src/services/usage_service.py
DEBUG: usage_service.check_limit called for projects
Failed to start containers: time="2025-12-22T22:09:11+03:00" level=warning msg="/home/faris/Documents/MyApps/supalove/data-plane/projects/9416199320cd/docker-compose.yml: the attribute `version` is obsolete, it will be ignored, please remove it to avoid potential confusion"
 Network project_9416199320cd_net Creating 
 Network project_9416199320cd_net Created 
 Volume 9416199320cd_postgres_data Creating 
 Volume 9416199320cd_postgres_data Created 
 Volume 9416199320cd_storage_data Creating 
 Volume 9416199320cd_storage_data Created 
 Container 9416199320cd-postgres-1 Creating 
 Container 9416199320cd-postgres-1 Created 
 Container 9416199320cd-api-1 Creating 
 Container 9416199320cd-realtime-1 Creating 
 Container 9416199320cd-auth-1 Creating 
 Container 9416199320cd-api-1 Created 
 Container 9416199320cd-storage-1 Creating 
 Container 9416199320cd-functions-1 Creating 
 Container 9416199320cd-realtime-1 Created 
 Container 9416199320cd-auth-1 Created 
 Container 9416199320cd-functions-1 Created 
 Container 9416199320cd-storage-1 Created 
 Container 9416199320cd-gateway-1 Creating 
 Container 9416199320cd-gateway-1 Created 
 Container 9416199320cd-postgres-1 Starting 
 Container 9416199320cd-postgres-1 Started 
 Container 9416199320cd-postgres-1 Waiting 
 Container 9416199320cd-postgres-1 Waiting 
 Container 9416199320cd-postgres-1 Waiting 
 Container 9416199320cd-postgres-1 Error dependency postgres failed to start
 Container 9416199320cd-postgres-1 Error dependency postgres failed to start
 Container 9416199320cd-postgres-1 Error dependency postgres failed to start
dependency failed to start: container 9416199320cd-postgres-1 exited (3)

INFO:     127.0.0.1:34376 - "POST /api/v1/projects HTTP/1.1" 500 Internal Server Error
ERROR:    Exception in ASGI application
Traceback (most recent call last):
  File "/home/faris/Documents/MyApps/supalove/control-plane/api/.venv/lib/python3.12/site-packages/uvicorn/protocols/http/httptools_impl.py", line 409, in run_asgi
    result = await app(  # type: ignore[func-returns-value]
             ^^^^^^^^^^^^^^^^^^^^^^^^^^^^^^^^^^^^^^^^^^^^^^
  File "/home/faris/Documents/MyApps/supalove/control-plane/api/.venv/lib/python3.12/site-packages/uvicorn/middleware/proxy_headers.py", line 60, in __call__
    return await self.app(scope, receive, send)
           ^^^^^^^^^^^^^^^^^^^^^^^^^^^^^^^^^^^^
  File "/home/faris/Documents/MyApps/supalove/control-plane/api/.venv/lib/python3.12/site-packages/fastapi/applications.py", line 1135, in __call__
    await super().__call__(scope, receive, send)
  File "/home/faris/Documents/MyApps/supalove/control-plane/api/.venv/lib/python3.12/site-packages/starlette/applications.py", line 107, in __call__
    await self.middleware_stack(scope, receive, send)
  File "/home/faris/Documents/MyApps/supalove/control-plane/api/.venv/lib/python3.12/site-packages/starlette/middleware/errors.py", line 186, in __call__
    raise exc
  File "/home/faris/Documents/MyApps/supalove/control-plane/api/.venv/lib/python3.12/site-packages/starlette/middleware/errors.py", line 164, in __call__
    await self.app(scope, receive, _send)
  File "/home/faris/Documents/MyApps/supalove/control-plane/api/.venv/lib/python3.12/site-packages/starlette/middleware/base.py", line 191, in __call__
    with recv_stream, send_stream, collapse_excgroups():
  File "/usr/lib/python3.12/contextlib.py", line 158, in __exit__
    self.gen.throw(value)
  File "/home/faris/Documents/MyApps/supalove/control-plane/api/.venv/lib/python3.12/site-packages/starlette/_utils.py", line 85, in collapse_excgroups
    raise exc
  File "/home/faris/Documents/MyApps/supalove/control-plane/api/.venv/lib/python3.12/site-packages/starlette/middleware/base.py", line 193, in __call__
    response = await self.dispatch_func(request, call_next)
               ^^^^^^^^^^^^^^^^^^^^^^^^^^^^^^^^^^^^^^^^^^^^
  File "/home/faris/Documents/MyApps/supalove/control-plane/api/src/main.py", line 168, in track_requests
    response = await call_next(request)
               ^^^^^^^^^^^^^^^^^^^^^^^^
  File "/home/faris/Documents/MyApps/supalove/control-plane/api/.venv/lib/python3.12/site-packages/starlette/middleware/base.py", line 168, in call_next
    raise app_exc from app_exc.__cause__ or app_exc.__context__
  File "/home/faris/Documents/MyApps/supalove/control-plane/api/.venv/lib/python3.12/site-packages/starlette/middleware/base.py", line 144, in coro
    await self.app(scope, receive_or_disconnect, send_no_error)
  File "/home/faris/Documents/MyApps/supalove/control-plane/api/.venv/lib/python3.12/site-packages/starlette/middleware/cors.py", line 85, in __call__
    await self.app(scope, receive, send)
  File "/home/faris/Documents/MyApps/supalove/control-plane/api/.venv/lib/python3.12/site-packages/starlette/middleware/exceptions.py", line 63, in __call__
    await wrap_app_handling_exceptions(self.app, conn)(scope, receive, send)
  File "/home/faris/Documents/MyApps/supalove/control-plane/api/.venv/lib/python3.12/site-packages/starlette/_exception_handler.py", line 53, in wrapped_app
    raise exc
  File "/home/faris/Documents/MyApps/supalove/control-plane/api/.venv/lib/python3.12/site-packages/starlette/_exception_handler.py", line 42, in wrapped_app
    await app(scope, receive, sender)
  File "/home/faris/Documents/MyApps/supalove/control-plane/api/.venv/lib/python3.12/site-packages/fastapi/middleware/asyncexitstack.py", line 18, in __call__
    await self.app(scope, receive, send)
  File "/home/faris/Documents/MyApps/supalove/control-plane/api/.venv/lib/python3.12/site-packages/starlette/routing.py", line 716, in __call__
    await self.middleware_stack(scope, receive, send)
  File "/home/faris/Documents/MyApps/supalove/control-plane/api/.venv/lib/python3.12/site-packages/starlette/routing.py", line 736, in app
    await route.handle(scope, receive, send)
  File "/home/faris/Documents/MyApps/supalove/control-plane/api/.venv/lib/python3.12/site-packages/starlette/routing.py", line 290, in handle
    await self.app(scope, receive, send)
  File "/home/faris/Documents/MyApps/supalove/control-plane/api/.venv/lib/python3.12/site-packages/fastapi/routing.py", line 118, in app
    await wrap_app_handling_exceptions(app, request)(scope, receive, send)
  File "/home/faris/Documents/MyApps/supalove/control-plane/api/.venv/lib/python3.12/site-packages/starlette/_exception_handler.py", line 53, in wrapped_app
    raise exc
  File "/home/faris/Documents/MyApps/supalove/control-plane/api/.venv/lib/python3.12/site-packages/starlette/_exception_handler.py", line 42, in wrapped_app
    await app(scope, receive, sender)
  File "/home/faris/Documents/MyApps/supalove/control-plane/api/.venv/lib/python3.12/site-packages/fastapi/routing.py", line 104, in app
    response = await f(request)
               ^^^^^^^^^^^^^^^^
  File "/home/faris/Documents/MyApps/supalove/control-plane/api/.venv/lib/python3.12/site-packages/fastapi/routing.py", line 428, in app
    raw_response = await run_endpoint_function(
                   ^^^^^^^^^^^^^^^^^^^^^^^^^^^^
  File "/home/faris/Documents/MyApps/supalove/control-plane/api/.venv/lib/python3.12/site-packages/fastapi/routing.py", line 316, in run_endpoint_function
    return await run_in_threadpool(dependant.call, **values)
           ^^^^^^^^^^^^^^^^^^^^^^^^^^^^^^^^^^^^^^^^^^^^^^^^^
  File "/home/faris/Documents/MyApps/supalove/control-plane/api/.venv/lib/python3.12/site-packages/starlette/concurrency.py", line 32, in run_in_threadpool
    return await anyio.to_thread.run_sync(func)
           ^^^^^^^^^^^^^^^^^^^^^^^^^^^^^^^^^^^^
  File "/home/faris/Documents/MyApps/supalove/control-plane/api/.venv/lib/python3.12/site-packages/anyio/to_thread.py", line 61, in run_sync
    return await get_async_backend().run_sync_in_worker_thread(
           ^^^^^^^^^^^^^^^^^^^^^^^^^^^^^^^^^^^^^^^^^^^^^^^^^^^^
  File "/home/faris/Documents/MyApps/supalove/control-plane/api/.venv/lib/python3.12/site-packages/anyio/_backends/_asyncio.py", line 2525, in run_sync_in_worker_thread
    return await future
           ^^^^^^^^^^^^
  File "/home/faris/Documents/MyApps/supalove/control-plane/api/.venv/lib/python3.12/site-packages/anyio/_backends/_asyncio.py", line 986, in run
    result = context.run(func, *args)
             ^^^^^^^^^^^^^^^^^^^^^^^^
  File "/home/faris/Documents/MyApps/supalove/control-plane/api/src/api/v1/projects.py", line 97, in create
    return create_project(db, custom_domain=custom_domain, name=name, org_id=target_org_id)
           ^^^^^^^^^^^^^^^^^^^^^^^^^^^^^^^^^^^^^^^^^^^^^^^^^^^^^^^^^^^^^^^^^^^^^^^^^^^^^^^^
  File "/home/faris/Documents/MyApps/supalove/control-plane/api/src/services/project_service.py", line 108, in create_project
    raise e
  File "/home/faris/Documents/MyApps/supalove/control-plane/api/src/services/project_service.py", line 87, in create_project
    provision_output = provision_project(project_id, secrets, custom_domain=custom_domain)
                       ^^^^^^^^^^^^^^^^^^^^^^^^^^^^^^^^^^^^^^^^^^^^^^^^^^^^^^^^^^^^^^^^^^^
  File "/home/faris/Documents/MyApps/supalove/control-plane/api/src/services/provisioning_service.py", line 36, in provision_project
    return _provider.provision(project_id, secrets, custom_domain=custom_domain)
           ^^^^^^^^^^^^^^^^^^^^^^^^^^^^^^^^^^^^^^^^^^^^^^^^^^^^^^^^^^^^^^^^^^^^^
  File "/home/faris/Documents/MyApps/supalove/control-plane/api/src/services/provisioning_local.py", line 91, in provision
    raise e
  File "/home/faris/Documents/MyApps/supalove/control-plane/api/src/services/provisioning_local.py", line 79, in provision
    raise Exception(f"Docker compose failed: {result.stderr}")
Exception: Docker compose failed: time="2025-12-22T22:09:11+03:00" level=warning msg="/home/faris/Documents/MyApps/supalove/data-plane/projects/9416199320cd/docker-compose.yml: the attribute `version` is obsolete, it will be ignored, please remove it to avoid potential confusion"
 Network project_9416199320cd_net Creating 
 Network project_9416199320cd_net Created 
 Volume 9416199320cd_postgres_data Creating 
 Volume 9416199320cd_postgres_data Created 
 Volume 9416199320cd_storage_data Creating 
 Volume 9416199320cd_storage_data Created 
 Container 9416199320cd-postgres-1 Creating 
 Container 9416199320cd-postgres-1 Created 
 Container 9416199320cd-api-1 Creating 
 Container 9416199320cd-realtime-1 Creating 
 Container 9416199320cd-auth-1 Creating 
 Container 9416199320cd-api-1 Created 
 Container 9416199320cd-storage-1 Creating 
 Container 9416199320cd-functions-1 Creating 
 Container 9416199320cd-realtime-1 Created 
 Container 9416199320cd-auth-1 Created 
 Container 9416199320cd-functions-1 Created 
 Container 9416199320cd-storage-1 Created 
 Container 9416199320cd-gateway-1 Creating 
 Container 9416199320cd-gateway-1 Created 
 Container 9416199320cd-postgres-1 Starting 
 Container 9416199320cd-postgres-1 Started 
 Container 9416199320cd-postgres-1 Waiting 
 Container 9416199320cd-postgres-1 Waiting 
 Container 9416199320cd-postgres-1 Waiting 
 Container 9416199320cd-postgres-1 Error dependency postgres failed to start
 Container 9416199320cd-postgres-1 Error dependency postgres failed to start
 Container 9416199320cd-postgres-1 Error dependency postgres failed to start
dependency failed to start: container 9416199320cd-postgres-1 exited (3)

DEBUG: Project c0aa8fc8fd92 secrets: ['DB_PASSWORD', 'JWT_SECRET', 'SECRET_KEY_BASE', 'DB_PORT', 'REST_PORT', 'REALTIME_PORT', 'STORAGE_PORT', 'AUTH_PORT', 'FUNCTIONS_PORT', 'ANON_KEY', 'SERVICE_ROLE_KEY', 'POSTGRES_DB', 'POSTGRES_USER']
INFO:     127.0.0.1:34378 - "GET /api/v1/projects/c0aa8fc8fd92/config HTTP/1.1" 200 OK
INFO:     127.0.0.1:43506 - "POST /api/v1/auth/login HTTP/1.1" 200 OK
INFO:     127.0.0.1:43522 - "GET /api/v1/projects HTTP/1.1" 200 OK
INFO:     127.0.0.1:43538 - "GET /api/v1/orgs HTTP/1.1" 200 OK
DEBUG: usage_service.check_limit called for projects
Failed to start containers: time="2025-12-22T22:11:06+03:00" level=warning msg="/home/faris/Documents/MyApps/supalove/data-plane/projects/4d40ca9c247f/docker-compose.yml: the attribute `version` is obsolete, it will be ignored, please remove it to avoid potential confusion"
 Network project_4d40ca9c247f_net Creating 
 Network project_4d40ca9c247f_net Created 
 Volume 4d40ca9c247f_postgres_data Creating 
 Volume 4d40ca9c247f_postgres_data Created 
 Volume 4d40ca9c247f_storage_data Creating 
 Volume 4d40ca9c247f_storage_data Created 
 Container 4d40ca9c247f-postgres-1 Creating 
 Container 4d40ca9c247f-postgres-1 Created 
 Container 4d40ca9c247f-api-1 Creating 
 Container 4d40ca9c247f-auth-1 Creating 
 Container 4d40ca9c247f-realtime-1 Creating 
 Container 4d40ca9c247f-api-1 Created 
 Container 4d40ca9c247f-functions-1 Creating 
 Container 4d40ca9c247f-storage-1 Creating 
 Container 4d40ca9c247f-auth-1 Created 
 Container 4d40ca9c247f-realtime-1 Created 
 Container 4d40ca9c247f-functions-1 Created 
 Container 4d40ca9c247f-storage-1 Created 
 Container 4d40ca9c247f-gateway-1 Creating 
 Container 4d40ca9c247f-gateway-1 Created 
 Container 4d40ca9c247f-postgres-1 Starting 
 Container 4d40ca9c247f-postgres-1 Started 
 Container 4d40ca9c247f-postgres-1 Waiting 
 Container 4d40ca9c247f-postgres-1 Waiting 
 Container 4d40ca9c247f-postgres-1 Waiting 
 Container 4d40ca9c247f-postgres-1 Error dependency postgres failed to start
 Container 4d40ca9c247f-postgres-1 Error dependency postgres failed to start
 Container 4d40ca9c247f-postgres-1 Error dependency postgres failed to start
dependency failed to start: container 4d40ca9c247f-postgres-1 exited (2)

INFO:     127.0.0.1:43550 - "POST /api/v1/projects HTTP/1.1" 500 Internal Server Error
ERROR:    Exception in ASGI application
Traceback (most recent call last):
  File "/home/faris/Documents/MyApps/supalove/control-plane/api/.venv/lib/python3.12/site-packages/uvicorn/protocols/http/httptools_impl.py", line 409, in run_asgi
    result = await app(  # type: ignore[func-returns-value]
             ^^^^^^^^^^^^^^^^^^^^^^^^^^^^^^^^^^^^^^^^^^^^^^
  File "/home/faris/Documents/MyApps/supalove/control-plane/api/.venv/lib/python3.12/site-packages/uvicorn/middleware/proxy_headers.py", line 60, in __call__
    return await self.app(scope, receive, send)
           ^^^^^^^^^^^^^^^^^^^^^^^^^^^^^^^^^^^^
  File "/home/faris/Documents/MyApps/supalove/control-plane/api/.venv/lib/python3.12/site-packages/fastapi/applications.py", line 1135, in __call__
    await super().__call__(scope, receive, send)
  File "/home/faris/Documents/MyApps/supalove/control-plane/api/.venv/lib/python3.12/site-packages/starlette/applications.py", line 107, in __call__
    await self.middleware_stack(scope, receive, send)
  File "/home/faris/Documents/MyApps/supalove/control-plane/api/.venv/lib/python3.12/site-packages/starlette/middleware/errors.py", line 186, in __call__
    raise exc
  File "/home/faris/Documents/MyApps/supalove/control-plane/api/.venv/lib/python3.12/site-packages/starlette/middleware/errors.py", line 164, in __call__
    await self.app(scope, receive, _send)
  File "/home/faris/Documents/MyApps/supalove/control-plane/api/.venv/lib/python3.12/site-packages/starlette/middleware/base.py", line 191, in __call__
    with recv_stream, send_stream, collapse_excgroups():
  File "/usr/lib/python3.12/contextlib.py", line 158, in __exit__
    self.gen.throw(value)
  File "/home/faris/Documents/MyApps/supalove/control-plane/api/.venv/lib/python3.12/site-packages/starlette/_utils.py", line 85, in collapse_excgroups
    raise exc
  File "/home/faris/Documents/MyApps/supalove/control-plane/api/.venv/lib/python3.12/site-packages/starlette/middleware/base.py", line 193, in __call__
    response = await self.dispatch_func(request, call_next)
               ^^^^^^^^^^^^^^^^^^^^^^^^^^^^^^^^^^^^^^^^^^^^
  File "/home/faris/Documents/MyApps/supalove/control-plane/api/src/main.py", line 168, in track_requests
    response = await call_next(request)
               ^^^^^^^^^^^^^^^^^^^^^^^^
  File "/home/faris/Documents/MyApps/supalove/control-plane/api/.venv/lib/python3.12/site-packages/starlette/middleware/base.py", line 168, in call_next
    raise app_exc from app_exc.__cause__ or app_exc.__context__
  File "/home/faris/Documents/MyApps/supalove/control-plane/api/.venv/lib/python3.12/site-packages/starlette/middleware/base.py", line 144, in coro
    await self.app(scope, receive_or_disconnect, send_no_error)
  File "/home/faris/Documents/MyApps/supalove/control-plane/api/.venv/lib/python3.12/site-packages/starlette/middleware/cors.py", line 85, in __call__
    await self.app(scope, receive, send)
  File "/home/faris/Documents/MyApps/supalove/control-plane/api/.venv/lib/python3.12/site-packages/starlette/middleware/exceptions.py", line 63, in __call__
    await wrap_app_handling_exceptions(self.app, conn)(scope, receive, send)
  File "/home/faris/Documents/MyApps/supalove/control-plane/api/.venv/lib/python3.12/site-packages/starlette/_exception_handler.py", line 53, in wrapped_app
    raise exc
  File "/home/faris/Documents/MyApps/supalove/control-plane/api/.venv/lib/python3.12/site-packages/starlette/_exception_handler.py", line 42, in wrapped_app
    await app(scope, receive, sender)
  File "/home/faris/Documents/MyApps/supalove/control-plane/api/.venv/lib/python3.12/site-packages/fastapi/middleware/asyncexitstack.py", line 18, in __call__
    await self.app(scope, receive, send)
  File "/home/faris/Documents/MyApps/supalove/control-plane/api/.venv/lib/python3.12/site-packages/starlette/routing.py", line 716, in __call__
    await self.middleware_stack(scope, receive, send)
  File "/home/faris/Documents/MyApps/supalove/control-plane/api/.venv/lib/python3.12/site-packages/starlette/routing.py", line 736, in app
    await route.handle(scope, receive, send)
  File "/home/faris/Documents/MyApps/supalove/control-plane/api/.venv/lib/python3.12/site-packages/starlette/routing.py", line 290, in handle
    await self.app(scope, receive, send)
  File "/home/faris/Documents/MyApps/supalove/control-plane/api/.venv/lib/python3.12/site-packages/fastapi/routing.py", line 118, in app
    await wrap_app_handling_exceptions(app, request)(scope, receive, send)
  File "/home/faris/Documents/MyApps/supalove/control-plane/api/.venv/lib/python3.12/site-packages/starlette/_exception_handler.py", line 53, in wrapped_app
    raise exc
  File "/home/faris/Documents/MyApps/supalove/control-plane/api/.venv/lib/python3.12/site-packages/starlette/_exception_handler.py", line 42, in wrapped_app
    await app(scope, receive, sender)
  File "/home/faris/Documents/MyApps/supalove/control-plane/api/.venv/lib/python3.12/site-packages/fastapi/routing.py", line 104, in app
    response = await f(request)
               ^^^^^^^^^^^^^^^^
  File "/home/faris/Documents/MyApps/supalove/control-plane/api/.venv/lib/python3.12/site-packages/fastapi/routing.py", line 428, in app
    raw_response = await run_endpoint_function(
                   ^^^^^^^^^^^^^^^^^^^^^^^^^^^^
  File "/home/faris/Documents/MyApps/supalove/control-plane/api/.venv/lib/python3.12/site-packages/fastapi/routing.py", line 316, in run_endpoint_function
    return await run_in_threadpool(dependant.call, **values)
           ^^^^^^^^^^^^^^^^^^^^^^^^^^^^^^^^^^^^^^^^^^^^^^^^^
  File "/home/faris/Documents/MyApps/supalove/control-plane/api/.venv/lib/python3.12/site-packages/starlette/concurrency.py", line 32, in run_in_threadpool
    return await anyio.to_thread.run_sync(func)
           ^^^^^^^^^^^^^^^^^^^^^^^^^^^^^^^^^^^^
  File "/home/faris/Documents/MyApps/supalove/control-plane/api/.venv/lib/python3.12/site-packages/anyio/to_thread.py", line 61, in run_sync
    return await get_async_backend().run_sync_in_worker_thread(
           ^^^^^^^^^^^^^^^^^^^^^^^^^^^^^^^^^^^^^^^^^^^^^^^^^^^^
  File "/home/faris/Documents/MyApps/supalove/control-plane/api/.venv/lib/python3.12/site-packages/anyio/_backends/_asyncio.py", line 2525, in run_sync_in_worker_thread
    return await future
           ^^^^^^^^^^^^
  File "/home/faris/Documents/MyApps/supalove/control-plane/api/.venv/lib/python3.12/site-packages/anyio/_backends/_asyncio.py", line 986, in run
    result = context.run(func, *args)
             ^^^^^^^^^^^^^^^^^^^^^^^^
  File "/home/faris/Documents/MyApps/supalove/control-plane/api/src/api/v1/projects.py", line 97, in create
    return create_project(db, custom_domain=custom_domain, name=name, org_id=target_org_id)
           ^^^^^^^^^^^^^^^^^^^^^^^^^^^^^^^^^^^^^^^^^^^^^^^^^^^^^^^^^^^^^^^^^^^^^^^^^^^^^^^^
  File "/home/faris/Documents/MyApps/supalove/control-plane/api/src/services/project_service.py", line 108, in create_project
    raise e
  File "/home/faris/Documents/MyApps/supalove/control-plane/api/src/services/project_service.py", line 87, in create_project
    provision_output = provision_project(project_id, secrets, custom_domain=custom_domain)
                       ^^^^^^^^^^^^^^^^^^^^^^^^^^^^^^^^^^^^^^^^^^^^^^^^^^^^^^^^^^^^^^^^^^^
  File "/home/faris/Documents/MyApps/supalove/control-plane/api/src/services/provisioning_service.py", line 36, in provision_project
    return _provider.provision(project_id, secrets, custom_domain=custom_domain)
           ^^^^^^^^^^^^^^^^^^^^^^^^^^^^^^^^^^^^^^^^^^^^^^^^^^^^^^^^^^^^^^^^^^^^^
  File "/home/faris/Documents/MyApps/supalove/control-plane/api/src/services/provisioning_local.py", line 91, in provision
    raise e
  File "/home/faris/Documents/MyApps/supalove/control-plane/api/src/services/provisioning_local.py", line 79, in provision
    raise Exception(f"Docker compose failed: {result.stderr}")
Exception: Docker compose failed: time="2025-12-22T22:11:06+03:00" level=warning msg="/home/faris/Documents/MyApps/supalove/data-plane/projects/4d40ca9c247f/docker-compose.yml: the attribute `version` is obsolete, it will be ignored, please remove it to avoid potential confusion"
 Network project_4d40ca9c247f_net Creating 
 Network project_4d40ca9c247f_net Created 
 Volume 4d40ca9c247f_postgres_data Creating 
 Volume 4d40ca9c247f_postgres_data Created 
 Volume 4d40ca9c247f_storage_data Creating 
 Volume 4d40ca9c247f_storage_data Created 
 Container 4d40ca9c247f-postgres-1 Creating 
 Container 4d40ca9c247f-postgres-1 Created 
 Container 4d40ca9c247f-api-1 Creating 
 Container 4d40ca9c247f-auth-1 Creating 
 Container 4d40ca9c247f-realtime-1 Creating 
 Container 4d40ca9c247f-api-1 Created 
 Container 4d40ca9c247f-functions-1 Creating 
 Container 4d40ca9c247f-storage-1 Creating 
 Container 4d40ca9c247f-auth-1 Created 
 Container 4d40ca9c247f-realtime-1 Created 
 Container 4d40ca9c247f-functions-1 Created 
 Container 4d40ca9c247f-storage-1 Created 
 Container 4d40ca9c247f-gateway-1 Creating 
 Container 4d40ca9c247f-gateway-1 Created 
 Container 4d40ca9c247f-postgres-1 Starting 
 Container 4d40ca9c247f-postgres-1 Started 
 Container 4d40ca9c247f-postgres-1 Waiting 
 Container 4d40ca9c247f-postgres-1 Waiting 
 Container 4d40ca9c247f-postgres-1 Waiting 
 Container 4d40ca9c247f-postgres-1 Error dependency postgres failed to start
 Container 4d40ca9c247f-postgres-1 Error dependency postgres failed to start
 Container 4d40ca9c247f-postgres-1 Error dependency postgres failed to start
dependency failed to start: container 4d40ca9c247f-postgres-1 exited (2)

DEBUG: Project c0aa8fc8fd92 secrets: ['DB_PASSWORD', 'JWT_SECRET', 'SECRET_KEY_BASE', 'DB_PORT', 'REST_PORT', 'REALTIME_PORT', 'STORAGE_PORT', 'AUTH_PORT', 'FUNCTIONS_PORT', 'ANON_KEY', 'SERVICE_ROLE_KEY', 'POSTGRES_DB', 'POSTGRES_USER']
INFO:     127.0.0.1:34536 - "GET /api/v1/projects/c0aa8fc8fd92/config HTTP/1.1" 200 OK
INFO:     127.0.0.1:41710 - "POST /api/v1/auth/login HTTP/1.1" 200 OK
INFO:     127.0.0.1:41714 - "GET /api/v1/projects HTTP/1.1" 200 OK
INFO:     127.0.0.1:41726 - "GET /api/v1/orgs HTTP/1.1" 200 OK
DEBUG: usage_service.check_limit called for projects
Failed to start containers: time="2025-12-22T22:14:39+03:00" level=warning msg="/home/faris/Documents/MyApps/supalove/data-plane/projects/b87cbe929370/docker-compose.yml: the attribute `version` is obsolete, it will be ignored, please remove it to avoid potential confusion"
 Network project_b87cbe929370_net Creating 
 Network project_b87cbe929370_net Created 
 Volume b87cbe929370_storage_data Creating 
 Volume b87cbe929370_storage_data Created 
 Volume b87cbe929370_postgres_data Creating 
 Volume b87cbe929370_postgres_data Created 
 Container b87cbe929370-postgres-1 Creating 
 Container b87cbe929370-postgres-1 Created 
 Container b87cbe929370-auth-1 Creating 
 Container b87cbe929370-api-1 Creating 
 Container b87cbe929370-realtime-1 Creating 
 Container b87cbe929370-api-1 Created 
 Container b87cbe929370-functions-1 Creating 
 Container b87cbe929370-storage-1 Creating 
 Container b87cbe929370-realtime-1 Created 
 Container b87cbe929370-auth-1 Created 
 Container b87cbe929370-storage-1 Created 
 Container b87cbe929370-functions-1 Created 
 Container b87cbe929370-gateway-1 Creating 
 Container b87cbe929370-gateway-1 Created 
 Container b87cbe929370-postgres-1 Starting 
 Container b87cbe929370-postgres-1 Started 
 Container b87cbe929370-postgres-1 Waiting 
 Container b87cbe929370-postgres-1 Waiting 
 Container b87cbe929370-postgres-1 Waiting 
 Container b87cbe929370-postgres-1 Error dependency postgres failed to start
 Container b87cbe929370-postgres-1 Error dependency postgres failed to start
 Container b87cbe929370-postgres-1 Error dependency postgres failed to start
dependency failed to start: container b87cbe929370-postgres-1 exited (3)

INFO:     127.0.0.1:41736 - "POST /api/v1/projects HTTP/1.1" 500 Internal Server Error
ERROR:    Exception in ASGI application
Traceback (most recent call last):
  File "/home/faris/Documents/MyApps/supalove/control-plane/api/.venv/lib/python3.12/site-packages/uvicorn/protocols/http/httptools_impl.py", line 409, in run_asgi
    result = await app(  # type: ignore[func-returns-value]
             ^^^^^^^^^^^^^^^^^^^^^^^^^^^^^^^^^^^^^^^^^^^^^^
  File "/home/faris/Documents/MyApps/supalove/control-plane/api/.venv/lib/python3.12/site-packages/uvicorn/middleware/proxy_headers.py", line 60, in __call__
    return await self.app(scope, receive, send)
           ^^^^^^^^^^^^^^^^^^^^^^^^^^^^^^^^^^^^
  File "/home/faris/Documents/MyApps/supalove/control-plane/api/.venv/lib/python3.12/site-packages/fastapi/applications.py", line 1135, in __call__
    await super().__call__(scope, receive, send)
  File "/home/faris/Documents/MyApps/supalove/control-plane/api/.venv/lib/python3.12/site-packages/starlette/applications.py", line 107, in __call__
    await self.middleware_stack(scope, receive, send)
  File "/home/faris/Documents/MyApps/supalove/control-plane/api/.venv/lib/python3.12/site-packages/starlette/middleware/errors.py", line 186, in __call__
    raise exc
  File "/home/faris/Documents/MyApps/supalove/control-plane/api/.venv/lib/python3.12/site-packages/starlette/middleware/errors.py", line 164, in __call__
    await self.app(scope, receive, _send)
  File "/home/faris/Documents/MyApps/supalove/control-plane/api/.venv/lib/python3.12/site-packages/starlette/middleware/base.py", line 191, in __call__
    with recv_stream, send_stream, collapse_excgroups():
  File "/usr/lib/python3.12/contextlib.py", line 158, in __exit__
    self.gen.throw(value)
  File "/home/faris/Documents/MyApps/supalove/control-plane/api/.venv/lib/python3.12/site-packages/starlette/_utils.py", line 85, in collapse_excgroups
    raise exc
  File "/home/faris/Documents/MyApps/supalove/control-plane/api/.venv/lib/python3.12/site-packages/starlette/middleware/base.py", line 193, in __call__
    response = await self.dispatch_func(request, call_next)
               ^^^^^^^^^^^^^^^^^^^^^^^^^^^^^^^^^^^^^^^^^^^^
  File "/home/faris/Documents/MyApps/supalove/control-plane/api/src/main.py", line 168, in track_requests
    response = await call_next(request)
               ^^^^^^^^^^^^^^^^^^^^^^^^
  File "/home/faris/Documents/MyApps/supalove/control-plane/api/.venv/lib/python3.12/site-packages/starlette/middleware/base.py", line 168, in call_next
    raise app_exc from app_exc.__cause__ or app_exc.__context__
  File "/home/faris/Documents/MyApps/supalove/control-plane/api/.venv/lib/python3.12/site-packages/starlette/middleware/base.py", line 144, in coro
    await self.app(scope, receive_or_disconnect, send_no_error)
  File "/home/faris/Documents/MyApps/supalove/control-plane/api/.venv/lib/python3.12/site-packages/starlette/middleware/cors.py", line 85, in __call__
    await self.app(scope, receive, send)
  File "/home/faris/Documents/MyApps/supalove/control-plane/api/.venv/lib/python3.12/site-packages/starlette/middleware/exceptions.py", line 63, in __call__
    await wrap_app_handling_exceptions(self.app, conn)(scope, receive, send)
  File "/home/faris/Documents/MyApps/supalove/control-plane/api/.venv/lib/python3.12/site-packages/starlette/_exception_handler.py", line 53, in wrapped_app
    raise exc
  File "/home/faris/Documents/MyApps/supalove/control-plane/api/.venv/lib/python3.12/site-packages/starlette/_exception_handler.py", line 42, in wrapped_app
    await app(scope, receive, sender)
  File "/home/faris/Documents/MyApps/supalove/control-plane/api/.venv/lib/python3.12/site-packages/fastapi/middleware/asyncexitstack.py", line 18, in __call__
    await self.app(scope, receive, send)
  File "/home/faris/Documents/MyApps/supalove/control-plane/api/.venv/lib/python3.12/site-packages/starlette/routing.py", line 716, in __call__
    await self.middleware_stack(scope, receive, send)
  File "/home/faris/Documents/MyApps/supalove/control-plane/api/.venv/lib/python3.12/site-packages/starlette/routing.py", line 736, in app
    await route.handle(scope, receive, send)
  File "/home/faris/Documents/MyApps/supalove/control-plane/api/.venv/lib/python3.12/site-packages/starlette/routing.py", line 290, in handle
    await self.app(scope, receive, send)
  File "/home/faris/Documents/MyApps/supalove/control-plane/api/.venv/lib/python3.12/site-packages/fastapi/routing.py", line 118, in app
    await wrap_app_handling_exceptions(app, request)(scope, receive, send)
  File "/home/faris/Documents/MyApps/supalove/control-plane/api/.venv/lib/python3.12/site-packages/starlette/_exception_handler.py", line 53, in wrapped_app
    raise exc
  File "/home/faris/Documents/MyApps/supalove/control-plane/api/.venv/lib/python3.12/site-packages/starlette/_exception_handler.py", line 42, in wrapped_app
    await app(scope, receive, sender)
  File "/home/faris/Documents/MyApps/supalove/control-plane/api/.venv/lib/python3.12/site-packages/fastapi/routing.py", line 104, in app
    response = await f(request)
               ^^^^^^^^^^^^^^^^
  File "/home/faris/Documents/MyApps/supalove/control-plane/api/.venv/lib/python3.12/site-packages/fastapi/routing.py", line 428, in app
    raw_response = await run_endpoint_function(
                   ^^^^^^^^^^^^^^^^^^^^^^^^^^^^
  File "/home/faris/Documents/MyApps/supalove/control-plane/api/.venv/lib/python3.12/site-packages/fastapi/routing.py", line 316, in run_endpoint_function
    return await run_in_threadpool(dependant.call, **values)
           ^^^^^^^^^^^^^^^^^^^^^^^^^^^^^^^^^^^^^^^^^^^^^^^^^
  File "/home/faris/Documents/MyApps/supalove/control-plane/api/.venv/lib/python3.12/site-packages/starlette/concurrency.py", line 32, in run_in_threadpool
    return await anyio.to_thread.run_sync(func)
           ^^^^^^^^^^^^^^^^^^^^^^^^^^^^^^^^^^^^
  File "/home/faris/Documents/MyApps/supalove/control-plane/api/.venv/lib/python3.12/site-packages/anyio/to_thread.py", line 61, in run_sync
    return await get_async_backend().run_sync_in_worker_thread(
           ^^^^^^^^^^^^^^^^^^^^^^^^^^^^^^^^^^^^^^^^^^^^^^^^^^^^
  File "/home/faris/Documents/MyApps/supalove/control-plane/api/.venv/lib/python3.12/site-packages/anyio/_backends/_asyncio.py", line 2525, in run_sync_in_worker_thread
    return await future
           ^^^^^^^^^^^^
  File "/home/faris/Documents/MyApps/supalove/control-plane/api/.venv/lib/python3.12/site-packages/anyio/_backends/_asyncio.py", line 986, in run
    result = context.run(func, *args)
             ^^^^^^^^^^^^^^^^^^^^^^^^
  File "/home/faris/Documents/MyApps/supalove/control-plane/api/src/api/v1/projects.py", line 97, in create
    return create_project(db, custom_domain=custom_domain, name=name, org_id=target_org_id)
           ^^^^^^^^^^^^^^^^^^^^^^^^^^^^^^^^^^^^^^^^^^^^^^^^^^^^^^^^^^^^^^^^^^^^^^^^^^^^^^^^
  File "/home/faris/Documents/MyApps/supalove/control-plane/api/src/services/project_service.py", line 108, in create_project
    raise e
  File "/home/faris/Documents/MyApps/supalove/control-plane/api/src/services/project_service.py", line 87, in create_project
    provision_output = provision_project(project_id, secrets, custom_domain=custom_domain)
                       ^^^^^^^^^^^^^^^^^^^^^^^^^^^^^^^^^^^^^^^^^^^^^^^^^^^^^^^^^^^^^^^^^^^
  File "/home/faris/Documents/MyApps/supalove/control-plane/api/src/services/provisioning_service.py", line 36, in provision_project
    return _provider.provision(project_id, secrets, custom_domain=custom_domain)
           ^^^^^^^^^^^^^^^^^^^^^^^^^^^^^^^^^^^^^^^^^^^^^^^^^^^^^^^^^^^^^^^^^^^^^
  File "/home/faris/Documents/MyApps/supalove/control-plane/api/src/services/provisioning_local.py", line 91, in provision
    raise e
  File "/home/faris/Documents/MyApps/supalove/control-plane/api/src/services/provisioning_local.py", line 79, in provision
    raise Exception(f"Docker compose failed: {result.stderr}")
Exception: Docker compose failed: time="2025-12-22T22:14:39+03:00" level=warning msg="/home/faris/Documents/MyApps/supalove/data-plane/projects/b87cbe929370/docker-compose.yml: the attribute `version` is obsolete, it will be ignored, please remove it to avoid potential confusion"
 Network project_b87cbe929370_net Creating 
 Network project_b87cbe929370_net Created 
 Volume b87cbe929370_storage_data Creating 
 Volume b87cbe929370_storage_data Created 
 Volume b87cbe929370_postgres_data Creating 
 Volume b87cbe929370_postgres_data Created 
 Container b87cbe929370-postgres-1 Creating 
 Container b87cbe929370-postgres-1 Created 
 Container b87cbe929370-auth-1 Creating 
 Container b87cbe929370-api-1 Creating 
 Container b87cbe929370-realtime-1 Creating 
 Container b87cbe929370-api-1 Created 
 Container b87cbe929370-functions-1 Creating 
 Container b87cbe929370-storage-1 Creating 
 Container b87cbe929370-realtime-1 Created 
 Container b87cbe929370-auth-1 Created 
 Container b87cbe929370-storage-1 Created 
 Container b87cbe929370-functions-1 Created 
 Container b87cbe929370-gateway-1 Creating 
 Container b87cbe929370-gateway-1 Created 
 Container b87cbe929370-postgres-1 Starting 
 Container b87cbe929370-postgres-1 Started 
 Container b87cbe929370-postgres-1 Waiting 
 Container b87cbe929370-postgres-1 Waiting 
 Container b87cbe929370-postgres-1 Waiting 
 Container b87cbe929370-postgres-1 Error dependency postgres failed to start
 Container b87cbe929370-postgres-1 Error dependency postgres failed to start
 Container b87cbe929370-postgres-1 Error dependency postgres failed to start
dependency failed to start: container b87cbe929370-postgres-1 exited (3)

DEBUG: Project c0aa8fc8fd92 secrets: ['DB_PASSWORD', 'JWT_SECRET', 'SECRET_KEY_BASE', 'DB_PORT', 'REST_PORT', 'REALTIME_PORT', 'STORAGE_PORT', 'AUTH_PORT', 'FUNCTIONS_PORT', 'ANON_KEY', 'SERVICE_ROLE_KEY', 'POSTGRES_DB', 'POSTGRES_USER']
INFO:     127.0.0.1:41738 - "GET /api/v1/projects/c0aa8fc8fd92/config HTTP/1.1" 200 OK
WARNING:  WatchFiles detected changes in 'fix_auth.py'. Reloading...
INFO:     Shutting down
INFO:     Waiting for application shutdown.
INFO:     Application shutdown complete.
INFO:     Finished server process [93298]
/home/faris/Documents/MyApps/supalove/control-plane/api/.venv/lib/python3.12/site-packages/pydantic/_internal/_config.py:383: UserWarning: Valid config keys have changed in V2:
* 'orm_mode' has been renamed to 'from_attributes'
  warnings.warn(message, UserWarning)
/home/faris/Documents/MyApps/supalove/control-plane/api/.venv/lib/python3.12/site-packages/pydantic/_internal/_config.py:383: UserWarning: Valid config keys have changed in V2:
* 'orm_mode' has been renamed to 'from_attributes'
  warnings.warn(message, UserWarning)
/home/faris/Documents/MyApps/supalove/control-plane/api/.venv/lib/python3.12/site-packages/pydantic/_internal/_config.py:383: UserWarning: Valid config keys have changed in V2:
* 'orm_mode' has been renamed to 'from_attributes'
  warnings.warn(message, UserWarning)
/home/faris/Documents/MyApps/supalove/control-plane/api/.venv/lib/python3.12/site-packages/pydantic/_internal/_config.py:383: UserWarning: Valid config keys have changed in V2:
* 'orm_mode' has been renamed to 'from_attributes'
  warnings.warn(message, UserWarning)
INFO:     Started server process [95724]
INFO:     Waiting for application startup.
INFO:     Application startup complete.
(trapped) error reading bcrypt version
Traceback (most recent call last):
  File "/home/faris/Documents/MyApps/supalove/control-plane/api/.venv/lib/python3.12/site-packages/passlib/handlers/bcrypt.py", line 620, in _load_backend_mixin
    version = _bcrypt.__about__.__version__
              ^^^^^^^^^^^^^^^^^
AttributeError: module 'bcrypt' has no attribute '__about__'
[Provisioning] Using Local Docker provider
[Scheduler] Starting background scheduler...
INFO:     127.0.0.1:43686 - "POST /api/v1/auth/login HTTP/1.1" 200 OK
INFO:     127.0.0.1:43688 - "GET /api/v1/projects HTTP/1.1" 200 OK
INFO:     127.0.0.1:43698 - "GET /api/v1/orgs HTTP/1.1" 200 OK
DEBUG: Loading usage_service from /home/faris/Documents/MyApps/supalove/control-plane/api/src/services/usage_service.py
DEBUG: usage_service.check_limit called for projects
Failed to start containers: time="2025-12-22T22:17:13+03:00" level=warning msg="/home/faris/Documents/MyApps/supalove/data-plane/projects/281c839c883e/docker-compose.yml: the attribute `version` is obsolete, it will be ignored, please remove it to avoid potential confusion"
 Network project_281c839c883e_net Creating 
 Network project_281c839c883e_net Created 
 Volume 281c839c883e_storage_data Creating 
 Volume 281c839c883e_storage_data Created 
 Volume 281c839c883e_postgres_data Creating 
 Volume 281c839c883e_postgres_data Created 
 Container 281c839c883e-postgres-1 Creating 
 Container 281c839c883e-postgres-1 Created 
 Container 281c839c883e-realtime-1 Creating 
 Container 281c839c883e-api-1 Creating 
 Container 281c839c883e-auth-1 Creating 
 Container 281c839c883e-api-1 Created 
 Container 281c839c883e-functions-1 Creating 
 Container 281c839c883e-storage-1 Creating 
 Container 281c839c883e-auth-1 Created 
 Container 281c839c883e-realtime-1 Created 
 Container 281c839c883e-functions-1 Created 
 Container 281c839c883e-storage-1 Created 
 Container 281c839c883e-gateway-1 Creating 
 Container 281c839c883e-gateway-1 Created 
 Container 281c839c883e-postgres-1 Starting 
 Container 281c839c883e-postgres-1 Started 
 Container 281c839c883e-postgres-1 Waiting 
 Container 281c839c883e-postgres-1 Waiting 
 Container 281c839c883e-postgres-1 Waiting 
 Container 281c839c883e-postgres-1 Error dependency postgres failed to start
 Container 281c839c883e-postgres-1 Error dependency postgres failed to start
 Container 281c839c883e-postgres-1 Error dependency postgres failed to start
dependency failed to start: container 281c839c883e-postgres-1 exited (2)

INFO:     127.0.0.1:43712 - "POST /api/v1/projects HTTP/1.1" 500 Internal Server Error
ERROR:    Exception in ASGI application
Traceback (most recent call last):
  File "/home/faris/Documents/MyApps/supalove/control-plane/api/.venv/lib/python3.12/site-packages/uvicorn/protocols/http/httptools_impl.py", line 409, in run_asgi
    result = await app(  # type: ignore[func-returns-value]
             ^^^^^^^^^^^^^^^^^^^^^^^^^^^^^^^^^^^^^^^^^^^^^^
  File "/home/faris/Documents/MyApps/supalove/control-plane/api/.venv/lib/python3.12/site-packages/uvicorn/middleware/proxy_headers.py", line 60, in __call__
    return await self.app(scope, receive, send)
           ^^^^^^^^^^^^^^^^^^^^^^^^^^^^^^^^^^^^
  File "/home/faris/Documents/MyApps/supalove/control-plane/api/.venv/lib/python3.12/site-packages/fastapi/applications.py", line 1135, in __call__
    await super().__call__(scope, receive, send)
  File "/home/faris/Documents/MyApps/supalove/control-plane/api/.venv/lib/python3.12/site-packages/starlette/applications.py", line 107, in __call__
    await self.middleware_stack(scope, receive, send)
  File "/home/faris/Documents/MyApps/supalove/control-plane/api/.venv/lib/python3.12/site-packages/starlette/middleware/errors.py", line 186, in __call__
    raise exc
  File "/home/faris/Documents/MyApps/supalove/control-plane/api/.venv/lib/python3.12/site-packages/starlette/middleware/errors.py", line 164, in __call__
    await self.app(scope, receive, _send)
  File "/home/faris/Documents/MyApps/supalove/control-plane/api/.venv/lib/python3.12/site-packages/starlette/middleware/base.py", line 191, in __call__
    with recv_stream, send_stream, collapse_excgroups():
  File "/usr/lib/python3.12/contextlib.py", line 158, in __exit__
    self.gen.throw(value)
  File "/home/faris/Documents/MyApps/supalove/control-plane/api/.venv/lib/python3.12/site-packages/starlette/_utils.py", line 85, in collapse_excgroups
    raise exc
  File "/home/faris/Documents/MyApps/supalove/control-plane/api/.venv/lib/python3.12/site-packages/starlette/middleware/base.py", line 193, in __call__
    response = await self.dispatch_func(request, call_next)
               ^^^^^^^^^^^^^^^^^^^^^^^^^^^^^^^^^^^^^^^^^^^^
  File "/home/faris/Documents/MyApps/supalove/control-plane/api/src/main.py", line 168, in track_requests
    response = await call_next(request)
               ^^^^^^^^^^^^^^^^^^^^^^^^
  File "/home/faris/Documents/MyApps/supalove/control-plane/api/.venv/lib/python3.12/site-packages/starlette/middleware/base.py", line 168, in call_next
    raise app_exc from app_exc.__cause__ or app_exc.__context__
  File "/home/faris/Documents/MyApps/supalove/control-plane/api/.venv/lib/python3.12/site-packages/starlette/middleware/base.py", line 144, in coro
    await self.app(scope, receive_or_disconnect, send_no_error)
  File "/home/faris/Documents/MyApps/supalove/control-plane/api/.venv/lib/python3.12/site-packages/starlette/middleware/cors.py", line 85, in __call__
    await self.app(scope, receive, send)
  File "/home/faris/Documents/MyApps/supalove/control-plane/api/.venv/lib/python3.12/site-packages/starlette/middleware/exceptions.py", line 63, in __call__
    await wrap_app_handling_exceptions(self.app, conn)(scope, receive, send)
  File "/home/faris/Documents/MyApps/supalove/control-plane/api/.venv/lib/python3.12/site-packages/starlette/_exception_handler.py", line 53, in wrapped_app
    raise exc
  File "/home/faris/Documents/MyApps/supalove/control-plane/api/.venv/lib/python3.12/site-packages/starlette/_exception_handler.py", line 42, in wrapped_app
    await app(scope, receive, sender)
  File "/home/faris/Documents/MyApps/supalove/control-plane/api/.venv/lib/python3.12/site-packages/fastapi/middleware/asyncexitstack.py", line 18, in __call__
    await self.app(scope, receive, send)
  File "/home/faris/Documents/MyApps/supalove/control-plane/api/.venv/lib/python3.12/site-packages/starlette/routing.py", line 716, in __call__
    await self.middleware_stack(scope, receive, send)
  File "/home/faris/Documents/MyApps/supalove/control-plane/api/.venv/lib/python3.12/site-packages/starlette/routing.py", line 736, in app
    await route.handle(scope, receive, send)
  File "/home/faris/Documents/MyApps/supalove/control-plane/api/.venv/lib/python3.12/site-packages/starlette/routing.py", line 290, in handle
    await self.app(scope, receive, send)
  File "/home/faris/Documents/MyApps/supalove/control-plane/api/.venv/lib/python3.12/site-packages/fastapi/routing.py", line 118, in app
    await wrap_app_handling_exceptions(app, request)(scope, receive, send)
  File "/home/faris/Documents/MyApps/supalove/control-plane/api/.venv/lib/python3.12/site-packages/starlette/_exception_handler.py", line 53, in wrapped_app
    raise exc
  File "/home/faris/Documents/MyApps/supalove/control-plane/api/.venv/lib/python3.12/site-packages/starlette/_exception_handler.py", line 42, in wrapped_app
    await app(scope, receive, sender)
  File "/home/faris/Documents/MyApps/supalove/control-plane/api/.venv/lib/python3.12/site-packages/fastapi/routing.py", line 104, in app
    response = await f(request)
               ^^^^^^^^^^^^^^^^
  File "/home/faris/Documents/MyApps/supalove/control-plane/api/.venv/lib/python3.12/site-packages/fastapi/routing.py", line 428, in app
    raw_response = await run_endpoint_function(
                   ^^^^^^^^^^^^^^^^^^^^^^^^^^^^
  File "/home/faris/Documents/MyApps/supalove/control-plane/api/.venv/lib/python3.12/site-packages/fastapi/routing.py", line 316, in run_endpoint_function
    return await run_in_threadpool(dependant.call, **values)
           ^^^^^^^^^^^^^^^^^^^^^^^^^^^^^^^^^^^^^^^^^^^^^^^^^
  File "/home/faris/Documents/MyApps/supalove/control-plane/api/.venv/lib/python3.12/site-packages/starlette/concurrency.py", line 32, in run_in_threadpool
    return await anyio.to_thread.run_sync(func)
           ^^^^^^^^^^^^^^^^^^^^^^^^^^^^^^^^^^^^
  File "/home/faris/Documents/MyApps/supalove/control-plane/api/.venv/lib/python3.12/site-packages/anyio/to_thread.py", line 61, in run_sync
    return await get_async_backend().run_sync_in_worker_thread(
           ^^^^^^^^^^^^^^^^^^^^^^^^^^^^^^^^^^^^^^^^^^^^^^^^^^^^
  File "/home/faris/Documents/MyApps/supalove/control-plane/api/.venv/lib/python3.12/site-packages/anyio/_backends/_asyncio.py", line 2525, in run_sync_in_worker_thread
    return await future
           ^^^^^^^^^^^^
  File "/home/faris/Documents/MyApps/supalove/control-plane/api/.venv/lib/python3.12/site-packages/anyio/_backends/_asyncio.py", line 986, in run
    result = context.run(func, *args)
             ^^^^^^^^^^^^^^^^^^^^^^^^
  File "/home/faris/Documents/MyApps/supalove/control-plane/api/src/api/v1/projects.py", line 97, in create
    return create_project(db, custom_domain=custom_domain, name=name, org_id=target_org_id)
           ^^^^^^^^^^^^^^^^^^^^^^^^^^^^^^^^^^^^^^^^^^^^^^^^^^^^^^^^^^^^^^^^^^^^^^^^^^^^^^^^
  File "/home/faris/Documents/MyApps/supalove/control-plane/api/src/services/project_service.py", line 108, in create_project
    raise e
  File "/home/faris/Documents/MyApps/supalove/control-plane/api/src/services/project_service.py", line 87, in create_project
    provision_output = provision_project(project_id, secrets, custom_domain=custom_domain)
                       ^^^^^^^^^^^^^^^^^^^^^^^^^^^^^^^^^^^^^^^^^^^^^^^^^^^^^^^^^^^^^^^^^^^
  File "/home/faris/Documents/MyApps/supalove/control-plane/api/src/services/provisioning_service.py", line 36, in provision_project
    return _provider.provision(project_id, secrets, custom_domain=custom_domain)
           ^^^^^^^^^^^^^^^^^^^^^^^^^^^^^^^^^^^^^^^^^^^^^^^^^^^^^^^^^^^^^^^^^^^^^
  File "/home/faris/Documents/MyApps/supalove/control-plane/api/src/services/provisioning_local.py", line 91, in provision
    raise e
  File "/home/faris/Documents/MyApps/supalove/control-plane/api/src/services/provisioning_local.py", line 79, in provision
    raise Exception(f"Docker compose failed: {result.stderr}")
Exception: Docker compose failed: time="2025-12-22T22:17:13+03:00" level=warning msg="/home/faris/Documents/MyApps/supalove/data-plane/projects/281c839c883e/docker-compose.yml: the attribute `version` is obsolete, it will be ignored, please remove it to avoid potential confusion"
 Network project_281c839c883e_net Creating 
 Network project_281c839c883e_net Created 
 Volume 281c839c883e_storage_data Creating 
 Volume 281c839c883e_storage_data Created 
 Volume 281c839c883e_postgres_data Creating 
 Volume 281c839c883e_postgres_data Created 
 Container 281c839c883e-postgres-1 Creating 
 Container 281c839c883e-postgres-1 Created 
 Container 281c839c883e-realtime-1 Creating 
 Container 281c839c883e-api-1 Creating 
 Container 281c839c883e-auth-1 Creating 
 Container 281c839c883e-api-1 Created 
 Container 281c839c883e-functions-1 Creating 
 Container 281c839c883e-storage-1 Creating 
 Container 281c839c883e-auth-1 Created 
 Container 281c839c883e-realtime-1 Created 
 Container 281c839c883e-functions-1 Created 
 Container 281c839c883e-storage-1 Created 
 Container 281c839c883e-gateway-1 Creating 
 Container 281c839c883e-gateway-1 Created 
 Container 281c839c883e-postgres-1 Starting 
 Container 281c839c883e-postgres-1 Started 
 Container 281c839c883e-postgres-1 Waiting 
 Container 281c839c883e-postgres-1 Waiting 
 Container 281c839c883e-postgres-1 Waiting 
 Container 281c839c883e-postgres-1 Error dependency postgres failed to start
 Container 281c839c883e-postgres-1 Error dependency postgres failed to start
 Container 281c839c883e-postgres-1 Error dependency postgres failed to start
dependency failed to start: container 281c839c883e-postgres-1 exited (2)

DEBUG: Project c0aa8fc8fd92 secrets: ['DB_PASSWORD', 'JWT_SECRET', 'SECRET_KEY_BASE', 'DB_PORT', 'REST_PORT', 'REALTIME_PORT', 'STORAGE_PORT', 'AUTH_PORT', 'FUNCTIONS_PORT', 'ANON_KEY', 'SERVICE_ROLE_KEY', 'POSTGRES_DB', 'POSTGRES_USER']
INFO:     127.0.0.1:43728 - "GET /api/v1/projects/c0aa8fc8fd92/config HTTP/1.1" 200 OK
INFO:     127.0.0.1:54112 - "POST /api/v1/auth/login HTTP/1.1" 200 OK
INFO:     127.0.0.1:54122 - "GET /api/v1/projects HTTP/1.1" 200 OK
INFO:     127.0.0.1:54124 - "GET /api/v1/orgs HTTP/1.1" 200 OK
DEBUG: usage_service.check_limit called for projects
Successfully provisioned project a4acd5089566 on ports: DB=5502, REST=5506
INFO:     127.0.0.1:54140 - "POST /api/v1/projects HTTP/1.1" 200 OK
DEBUG: Project a4acd5089566 secrets: ['DB_PASSWORD', 'JWT_SECRET', 'SECRET_KEY_BASE', 'DB_PORT', 'REST_PORT', 'REALTIME_PORT', 'STORAGE_PORT', 'AUTH_PORT', 'FUNCTIONS_PORT', 'GATEWAY_PORT', 'ANON_KEY', 'SERVICE_ROLE_KEY', 'POSTGRES_DB', 'POSTGRES_USER']
INFO:     127.0.0.1:54804 - "GET /api/v1/projects/a4acd5089566/config HTTP/1.1" 200 OK
INFO:     127.0.0.1:48792 - "POST /api/v1/auth/login HTTP/1.1" 200 OK
INFO:     127.0.0.1:48804 - "GET /api/v1/projects HTTP/1.1" 200 OK
INFO:     127.0.0.1:48816 - "GET /api/v1/orgs HTTP/1.1" 200 OK
DEBUG: usage_service.check_limit called for projects
Failed to start containers: time="2025-12-22T22:27:51+03:00" level=warning msg="/home/faris/Documents/MyApps/supalove/data-plane/projects/a863b3683cdc/docker-compose.yml: the attribute `version` is obsolete, it will be ignored, please remove it to avoid potential confusion"
 Network project_a863b3683cdc_net Creating 
 Network project_a863b3683cdc_net Created 
 Volume a863b3683cdc_storage_data Creating 
 Volume a863b3683cdc_storage_data Created 
 Volume a863b3683cdc_postgres_data Creating 
 Volume a863b3683cdc_postgres_data Created 
 Container a863b3683cdc-postgres-1 Creating 
 Container a863b3683cdc-postgres-1 Created 
 Container a863b3683cdc-api-1 Creating 
 Container a863b3683cdc-realtime-1 Creating 
 Container a863b3683cdc-auth-1 Creating 
 Container a863b3683cdc-api-1 Created 
 Container a863b3683cdc-functions-1 Creating 
 Container a863b3683cdc-storage-1 Creating 
 Container a863b3683cdc-auth-1 Created 
 Container a863b3683cdc-realtime-1 Created 
 Container a863b3683cdc-functions-1 Created 
 Container a863b3683cdc-storage-1 Created 
 Container a863b3683cdc-gateway-1 Creating 
 Container a863b3683cdc-gateway-1 Created 
 Container a863b3683cdc-postgres-1 Starting 
 Container a863b3683cdc-postgres-1 Started 
 Container a863b3683cdc-postgres-1 Waiting 
 Container a863b3683cdc-postgres-1 Waiting 
 Container a863b3683cdc-postgres-1 Waiting 
 Container a863b3683cdc-postgres-1 Error dependency postgres failed to start
 Container a863b3683cdc-postgres-1 Error dependency postgres failed to start
 Container a863b3683cdc-postgres-1 Error dependency postgres failed to start
dependency failed to start: container a863b3683cdc-postgres-1 exited (3)

INFO:     127.0.0.1:48828 - "POST /api/v1/projects HTTP/1.1" 500 Internal Server Error
ERROR:    Exception in ASGI application
Traceback (most recent call last):
  File "/home/faris/Documents/MyApps/supalove/control-plane/api/.venv/lib/python3.12/site-packages/uvicorn/protocols/http/httptools_impl.py", line 409, in run_asgi
    result = await app(  # type: ignore[func-returns-value]
             ^^^^^^^^^^^^^^^^^^^^^^^^^^^^^^^^^^^^^^^^^^^^^^
  File "/home/faris/Documents/MyApps/supalove/control-plane/api/.venv/lib/python3.12/site-packages/uvicorn/middleware/proxy_headers.py", line 60, in __call__
    return await self.app(scope, receive, send)
           ^^^^^^^^^^^^^^^^^^^^^^^^^^^^^^^^^^^^
  File "/home/faris/Documents/MyApps/supalove/control-plane/api/.venv/lib/python3.12/site-packages/fastapi/applications.py", line 1135, in __call__
    await super().__call__(scope, receive, send)
  File "/home/faris/Documents/MyApps/supalove/control-plane/api/.venv/lib/python3.12/site-packages/starlette/applications.py", line 107, in __call__
    await self.middleware_stack(scope, receive, send)
  File "/home/faris/Documents/MyApps/supalove/control-plane/api/.venv/lib/python3.12/site-packages/starlette/middleware/errors.py", line 186, in __call__
    raise exc
  File "/home/faris/Documents/MyApps/supalove/control-plane/api/.venv/lib/python3.12/site-packages/starlette/middleware/errors.py", line 164, in __call__
    await self.app(scope, receive, _send)
  File "/home/faris/Documents/MyApps/supalove/control-plane/api/.venv/lib/python3.12/site-packages/starlette/middleware/base.py", line 191, in __call__
    with recv_stream, send_stream, collapse_excgroups():
  File "/usr/lib/python3.12/contextlib.py", line 158, in __exit__
    self.gen.throw(value)
  File "/home/faris/Documents/MyApps/supalove/control-plane/api/.venv/lib/python3.12/site-packages/starlette/_utils.py", line 85, in collapse_excgroups
    raise exc
  File "/home/faris/Documents/MyApps/supalove/control-plane/api/.venv/lib/python3.12/site-packages/starlette/middleware/base.py", line 193, in __call__
    response = await self.dispatch_func(request, call_next)
               ^^^^^^^^^^^^^^^^^^^^^^^^^^^^^^^^^^^^^^^^^^^^
  File "/home/faris/Documents/MyApps/supalove/control-plane/api/src/main.py", line 168, in track_requests
    response = await call_next(request)
               ^^^^^^^^^^^^^^^^^^^^^^^^
  File "/home/faris/Documents/MyApps/supalove/control-plane/api/.venv/lib/python3.12/site-packages/starlette/middleware/base.py", line 168, in call_next
    raise app_exc from app_exc.__cause__ or app_exc.__context__
  File "/home/faris/Documents/MyApps/supalove/control-plane/api/.venv/lib/python3.12/site-packages/starlette/middleware/base.py", line 144, in coro
    await self.app(scope, receive_or_disconnect, send_no_error)
  File "/home/faris/Documents/MyApps/supalove/control-plane/api/.venv/lib/python3.12/site-packages/starlette/middleware/cors.py", line 85, in __call__
    await self.app(scope, receive, send)
  File "/home/faris/Documents/MyApps/supalove/control-plane/api/.venv/lib/python3.12/site-packages/starlette/middleware/exceptions.py", line 63, in __call__
    await wrap_app_handling_exceptions(self.app, conn)(scope, receive, send)
  File "/home/faris/Documents/MyApps/supalove/control-plane/api/.venv/lib/python3.12/site-packages/starlette/_exception_handler.py", line 53, in wrapped_app
    raise exc
  File "/home/faris/Documents/MyApps/supalove/control-plane/api/.venv/lib/python3.12/site-packages/starlette/_exception_handler.py", line 42, in wrapped_app
    await app(scope, receive, sender)
  File "/home/faris/Documents/MyApps/supalove/control-plane/api/.venv/lib/python3.12/site-packages/fastapi/middleware/asyncexitstack.py", line 18, in __call__
    await self.app(scope, receive, send)
  File "/home/faris/Documents/MyApps/supalove/control-plane/api/.venv/lib/python3.12/site-packages/starlette/routing.py", line 716, in __call__
    await self.middleware_stack(scope, receive, send)
  File "/home/faris/Documents/MyApps/supalove/control-plane/api/.venv/lib/python3.12/site-packages/starlette/routing.py", line 736, in app
    await route.handle(scope, receive, send)
  File "/home/faris/Documents/MyApps/supalove/control-plane/api/.venv/lib/python3.12/site-packages/starlette/routing.py", line 290, in handle
    await self.app(scope, receive, send)
  File "/home/faris/Documents/MyApps/supalove/control-plane/api/.venv/lib/python3.12/site-packages/fastapi/routing.py", line 118, in app
    await wrap_app_handling_exceptions(app, request)(scope, receive, send)
  File "/home/faris/Documents/MyApps/supalove/control-plane/api/.venv/lib/python3.12/site-packages/starlette/_exception_handler.py", line 53, in wrapped_app
    raise exc
  File "/home/faris/Documents/MyApps/supalove/control-plane/api/.venv/lib/python3.12/site-packages/starlette/_exception_handler.py", line 42, in wrapped_app
    await app(scope, receive, sender)
  File "/home/faris/Documents/MyApps/supalove/control-plane/api/.venv/lib/python3.12/site-packages/fastapi/routing.py", line 104, in app
    response = await f(request)
               ^^^^^^^^^^^^^^^^
  File "/home/faris/Documents/MyApps/supalove/control-plane/api/.venv/lib/python3.12/site-packages/fastapi/routing.py", line 428, in app
    raw_response = await run_endpoint_function(
                   ^^^^^^^^^^^^^^^^^^^^^^^^^^^^
  File "/home/faris/Documents/MyApps/supalove/control-plane/api/.venv/lib/python3.12/site-packages/fastapi/routing.py", line 316, in run_endpoint_function
    return await run_in_threadpool(dependant.call, **values)
           ^^^^^^^^^^^^^^^^^^^^^^^^^^^^^^^^^^^^^^^^^^^^^^^^^
  File "/home/faris/Documents/MyApps/supalove/control-plane/api/.venv/lib/python3.12/site-packages/starlette/concurrency.py", line 32, in run_in_threadpool
    return await anyio.to_thread.run_sync(func)
           ^^^^^^^^^^^^^^^^^^^^^^^^^^^^^^^^^^^^
  File "/home/faris/Documents/MyApps/supalove/control-plane/api/.venv/lib/python3.12/site-packages/anyio/to_thread.py", line 61, in run_sync
    return await get_async_backend().run_sync_in_worker_thread(
           ^^^^^^^^^^^^^^^^^^^^^^^^^^^^^^^^^^^^^^^^^^^^^^^^^^^^
  File "/home/faris/Documents/MyApps/supalove/control-plane/api/.venv/lib/python3.12/site-packages/anyio/_backends/_asyncio.py", line 2525, in run_sync_in_worker_thread
    return await future
           ^^^^^^^^^^^^
  File "/home/faris/Documents/MyApps/supalove/control-plane/api/.venv/lib/python3.12/site-packages/anyio/_backends/_asyncio.py", line 986, in run
    result = context.run(func, *args)
             ^^^^^^^^^^^^^^^^^^^^^^^^
  File "/home/faris/Documents/MyApps/supalove/control-plane/api/src/api/v1/projects.py", line 97, in create
    return create_project(db, custom_domain=custom_domain, name=name, org_id=target_org_id)
           ^^^^^^^^^^^^^^^^^^^^^^^^^^^^^^^^^^^^^^^^^^^^^^^^^^^^^^^^^^^^^^^^^^^^^^^^^^^^^^^^
  File "/home/faris/Documents/MyApps/supalove/control-plane/api/src/services/project_service.py", line 108, in create_project
    raise e
  File "/home/faris/Documents/MyApps/supalove/control-plane/api/src/services/project_service.py", line 87, in create_project
    provision_output = provision_project(project_id, secrets, custom_domain=custom_domain)
                       ^^^^^^^^^^^^^^^^^^^^^^^^^^^^^^^^^^^^^^^^^^^^^^^^^^^^^^^^^^^^^^^^^^^
  File "/home/faris/Documents/MyApps/supalove/control-plane/api/src/services/provisioning_service.py", line 36, in provision_project
    return _provider.provision(project_id, secrets, custom_domain=custom_domain)
           ^^^^^^^^^^^^^^^^^^^^^^^^^^^^^^^^^^^^^^^^^^^^^^^^^^^^^^^^^^^^^^^^^^^^^
  File "/home/faris/Documents/MyApps/supalove/control-plane/api/src/services/provisioning_local.py", line 91, in provision
    raise e
  File "/home/faris/Documents/MyApps/supalove/control-plane/api/src/services/provisioning_local.py", line 79, in provision
    raise Exception(f"Docker compose failed: {result.stderr}")
Exception: Docker compose failed: time="2025-12-22T22:27:51+03:00" level=warning msg="/home/faris/Documents/MyApps/supalove/data-plane/projects/a863b3683cdc/docker-compose.yml: the attribute `version` is obsolete, it will be ignored, please remove it to avoid potential confusion"
 Network project_a863b3683cdc_net Creating 
 Network project_a863b3683cdc_net Created 
 Volume a863b3683cdc_storage_data Creating 
 Volume a863b3683cdc_storage_data Created 
 Volume a863b3683cdc_postgres_data Creating 
 Volume a863b3683cdc_postgres_data Created 
 Container a863b3683cdc-postgres-1 Creating 
 Container a863b3683cdc-postgres-1 Created 
 Container a863b3683cdc-api-1 Creating 
 Container a863b3683cdc-realtime-1 Creating 
 Container a863b3683cdc-auth-1 Creating 
 Container a863b3683cdc-api-1 Created 
 Container a863b3683cdc-functions-1 Creating 
 Container a863b3683cdc-storage-1 Creating 
 Container a863b3683cdc-auth-1 Created 
 Container a863b3683cdc-realtime-1 Created 
 Container a863b3683cdc-functions-1 Created 
 Container a863b3683cdc-storage-1 Created 
 Container a863b3683cdc-gateway-1 Creating 
 Container a863b3683cdc-gateway-1 Created 
 Container a863b3683cdc-postgres-1 Starting 
 Container a863b3683cdc-postgres-1 Started 
 Container a863b3683cdc-postgres-1 Waiting 
 Container a863b3683cdc-postgres-1 Waiting 
 Container a863b3683cdc-postgres-1 Waiting 
 Container a863b3683cdc-postgres-1 Error dependency postgres failed to start
 Container a863b3683cdc-postgres-1 Error dependency postgres failed to start
 Container a863b3683cdc-postgres-1 Error dependency postgres failed to start
dependency failed to start: container a863b3683cdc-postgres-1 exited (3)

DEBUG: Project c0aa8fc8fd92 secrets: ['DB_PASSWORD', 'JWT_SECRET', 'SECRET_KEY_BASE', 'DB_PORT', 'REST_PORT', 'REALTIME_PORT', 'STORAGE_PORT', 'AUTH_PORT', 'FUNCTIONS_PORT', 'ANON_KEY', 'SERVICE_ROLE_KEY', 'POSTGRES_DB', 'POSTGRES_USER']
INFO:     127.0.0.1:48836 - "GET /api/v1/projects/c0aa8fc8fd92/config HTTP/1.1" 200 OK
INFO:     127.0.0.1:39188 - "POST /api/v1/auth/login HTTP/1.1" 200 OK
INFO:     127.0.0.1:39204 - "GET /api/v1/projects HTTP/1.1" 200 OK
INFO:     127.0.0.1:39210 - "GET /api/v1/orgs HTTP/1.1" 200 OK
DEBUG: usage_service.check_limit called for projects
Failed to start containers: time="2025-12-22T22:28:30+03:00" level=warning msg="/home/faris/Documents/MyApps/supalove/data-plane/projects/566bee6f6f7f/docker-compose.yml: the attribute `version` is obsolete, it will be ignored, please remove it to avoid potential confusion"
 Network project_566bee6f6f7f_net Creating 
 Network project_566bee6f6f7f_net Created 
 Volume 566bee6f6f7f_storage_data Creating 
 Volume 566bee6f6f7f_storage_data Created 
 Volume 566bee6f6f7f_postgres_data Creating 
 Volume 566bee6f6f7f_postgres_data Created 
 Container 566bee6f6f7f-postgres-1 Creating 
 Container 566bee6f6f7f-postgres-1 Created 
 Container 566bee6f6f7f-realtime-1 Creating 
 Container 566bee6f6f7f-api-1 Creating 
 Container 566bee6f6f7f-auth-1 Creating 
 Container 566bee6f6f7f-api-1 Created 
 Container 566bee6f6f7f-functions-1 Creating 
 Container 566bee6f6f7f-storage-1 Creating 
 Container 566bee6f6f7f-auth-1 Created 
 Container 566bee6f6f7f-realtime-1 Created 
 Container 566bee6f6f7f-storage-1 Created 
 Container 566bee6f6f7f-functions-1 Created 
 Container 566bee6f6f7f-gateway-1 Creating 
 Container 566bee6f6f7f-gateway-1 Created 
 Container 566bee6f6f7f-postgres-1 Starting 
 Container 566bee6f6f7f-postgres-1 Started 
 Container 566bee6f6f7f-postgres-1 Waiting 
 Container 566bee6f6f7f-postgres-1 Waiting 
 Container 566bee6f6f7f-postgres-1 Waiting 
 Container 566bee6f6f7f-postgres-1 Error dependency postgres failed to start
 Container 566bee6f6f7f-postgres-1 Error dependency postgres failed to start
 Container 566bee6f6f7f-postgres-1 Error dependency postgres failed to start
dependency failed to start: container 566bee6f6f7f-postgres-1 exited (3)

INFO:     127.0.0.1:39220 - "POST /api/v1/projects HTTP/1.1" 500 Internal Server Error
ERROR:    Exception in ASGI application
Traceback (most recent call last):
  File "/home/faris/Documents/MyApps/supalove/control-plane/api/.venv/lib/python3.12/site-packages/uvicorn/protocols/http/httptools_impl.py", line 409, in run_asgi
    result = await app(  # type: ignore[func-returns-value]
             ^^^^^^^^^^^^^^^^^^^^^^^^^^^^^^^^^^^^^^^^^^^^^^
  File "/home/faris/Documents/MyApps/supalove/control-plane/api/.venv/lib/python3.12/site-packages/uvicorn/middleware/proxy_headers.py", line 60, in __call__
    return await self.app(scope, receive, send)
           ^^^^^^^^^^^^^^^^^^^^^^^^^^^^^^^^^^^^
  File "/home/faris/Documents/MyApps/supalove/control-plane/api/.venv/lib/python3.12/site-packages/fastapi/applications.py", line 1135, in __call__
    await super().__call__(scope, receive, send)
  File "/home/faris/Documents/MyApps/supalove/control-plane/api/.venv/lib/python3.12/site-packages/starlette/applications.py", line 107, in __call__
    await self.middleware_stack(scope, receive, send)
  File "/home/faris/Documents/MyApps/supalove/control-plane/api/.venv/lib/python3.12/site-packages/starlette/middleware/errors.py", line 186, in __call__
    raise exc
  File "/home/faris/Documents/MyApps/supalove/control-plane/api/.venv/lib/python3.12/site-packages/starlette/middleware/errors.py", line 164, in __call__
    await self.app(scope, receive, _send)
  File "/home/faris/Documents/MyApps/supalove/control-plane/api/.venv/lib/python3.12/site-packages/starlette/middleware/base.py", line 191, in __call__
    with recv_stream, send_stream, collapse_excgroups():
  File "/usr/lib/python3.12/contextlib.py", line 158, in __exit__
    self.gen.throw(value)
  File "/home/faris/Documents/MyApps/supalove/control-plane/api/.venv/lib/python3.12/site-packages/starlette/_utils.py", line 85, in collapse_excgroups
    raise exc
  File "/home/faris/Documents/MyApps/supalove/control-plane/api/.venv/lib/python3.12/site-packages/starlette/middleware/base.py", line 193, in __call__
    response = await self.dispatch_func(request, call_next)
               ^^^^^^^^^^^^^^^^^^^^^^^^^^^^^^^^^^^^^^^^^^^^
  File "/home/faris/Documents/MyApps/supalove/control-plane/api/src/main.py", line 168, in track_requests
    response = await call_next(request)
               ^^^^^^^^^^^^^^^^^^^^^^^^
  File "/home/faris/Documents/MyApps/supalove/control-plane/api/.venv/lib/python3.12/site-packages/starlette/middleware/base.py", line 168, in call_next
    raise app_exc from app_exc.__cause__ or app_exc.__context__
  File "/home/faris/Documents/MyApps/supalove/control-plane/api/.venv/lib/python3.12/site-packages/starlette/middleware/base.py", line 144, in coro
    await self.app(scope, receive_or_disconnect, send_no_error)
  File "/home/faris/Documents/MyApps/supalove/control-plane/api/.venv/lib/python3.12/site-packages/starlette/middleware/cors.py", line 85, in __call__
    await self.app(scope, receive, send)
  File "/home/faris/Documents/MyApps/supalove/control-plane/api/.venv/lib/python3.12/site-packages/starlette/middleware/exceptions.py", line 63, in __call__
    await wrap_app_handling_exceptions(self.app, conn)(scope, receive, send)
  File "/home/faris/Documents/MyApps/supalove/control-plane/api/.venv/lib/python3.12/site-packages/starlette/_exception_handler.py", line 53, in wrapped_app
    raise exc
  File "/home/faris/Documents/MyApps/supalove/control-plane/api/.venv/lib/python3.12/site-packages/starlette/_exception_handler.py", line 42, in wrapped_app
    await app(scope, receive, sender)
  File "/home/faris/Documents/MyApps/supalove/control-plane/api/.venv/lib/python3.12/site-packages/fastapi/middleware/asyncexitstack.py", line 18, in __call__
    await self.app(scope, receive, send)
  File "/home/faris/Documents/MyApps/supalove/control-plane/api/.venv/lib/python3.12/site-packages/starlette/routing.py", line 716, in __call__
    await self.middleware_stack(scope, receive, send)
  File "/home/faris/Documents/MyApps/supalove/control-plane/api/.venv/lib/python3.12/site-packages/starlette/routing.py", line 736, in app
    await route.handle(scope, receive, send)
  File "/home/faris/Documents/MyApps/supalove/control-plane/api/.venv/lib/python3.12/site-packages/starlette/routing.py", line 290, in handle
    await self.app(scope, receive, send)
  File "/home/faris/Documents/MyApps/supalove/control-plane/api/.venv/lib/python3.12/site-packages/fastapi/routing.py", line 118, in app
    await wrap_app_handling_exceptions(app, request)(scope, receive, send)
  File "/home/faris/Documents/MyApps/supalove/control-plane/api/.venv/lib/python3.12/site-packages/starlette/_exception_handler.py", line 53, in wrapped_app
    raise exc
  File "/home/faris/Documents/MyApps/supalove/control-plane/api/.venv/lib/python3.12/site-packages/starlette/_exception_handler.py", line 42, in wrapped_app
    await app(scope, receive, sender)
  File "/home/faris/Documents/MyApps/supalove/control-plane/api/.venv/lib/python3.12/site-packages/fastapi/routing.py", line 104, in app
    response = await f(request)
               ^^^^^^^^^^^^^^^^
  File "/home/faris/Documents/MyApps/supalove/control-plane/api/.venv/lib/python3.12/site-packages/fastapi/routing.py", line 428, in app
    raw_response = await run_endpoint_function(
                   ^^^^^^^^^^^^^^^^^^^^^^^^^^^^
  File "/home/faris/Documents/MyApps/supalove/control-plane/api/.venv/lib/python3.12/site-packages/fastapi/routing.py", line 316, in run_endpoint_function
    return await run_in_threadpool(dependant.call, **values)
           ^^^^^^^^^^^^^^^^^^^^^^^^^^^^^^^^^^^^^^^^^^^^^^^^^
  File "/home/faris/Documents/MyApps/supalove/control-plane/api/.venv/lib/python3.12/site-packages/starlette/concurrency.py", line 32, in run_in_threadpool
    return await anyio.to_thread.run_sync(func)
           ^^^^^^^^^^^^^^^^^^^^^^^^^^^^^^^^^^^^
  File "/home/faris/Documents/MyApps/supalove/control-plane/api/.venv/lib/python3.12/site-packages/anyio/to_thread.py", line 61, in run_sync
    return await get_async_backend().run_sync_in_worker_thread(
           ^^^^^^^^^^^^^^^^^^^^^^^^^^^^^^^^^^^^^^^^^^^^^^^^^^^^
  File "/home/faris/Documents/MyApps/supalove/control-plane/api/.venv/lib/python3.12/site-packages/anyio/_backends/_asyncio.py", line 2525, in run_sync_in_worker_thread
    return await future
           ^^^^^^^^^^^^
  File "/home/faris/Documents/MyApps/supalove/control-plane/api/.venv/lib/python3.12/site-packages/anyio/_backends/_asyncio.py", line 986, in run
    result = context.run(func, *args)
             ^^^^^^^^^^^^^^^^^^^^^^^^
  File "/home/faris/Documents/MyApps/supalove/control-plane/api/src/api/v1/projects.py", line 97, in create
    return create_project(db, custom_domain=custom_domain, name=name, org_id=target_org_id)
           ^^^^^^^^^^^^^^^^^^^^^^^^^^^^^^^^^^^^^^^^^^^^^^^^^^^^^^^^^^^^^^^^^^^^^^^^^^^^^^^^
  File "/home/faris/Documents/MyApps/supalove/control-plane/api/src/services/project_service.py", line 108, in create_project
    raise e
  File "/home/faris/Documents/MyApps/supalove/control-plane/api/src/services/project_service.py", line 87, in create_project
    provision_output = provision_project(project_id, secrets, custom_domain=custom_domain)
                       ^^^^^^^^^^^^^^^^^^^^^^^^^^^^^^^^^^^^^^^^^^^^^^^^^^^^^^^^^^^^^^^^^^^
  File "/home/faris/Documents/MyApps/supalove/control-plane/api/src/services/provisioning_service.py", line 36, in provision_project
    return _provider.provision(project_id, secrets, custom_domain=custom_domain)
           ^^^^^^^^^^^^^^^^^^^^^^^^^^^^^^^^^^^^^^^^^^^^^^^^^^^^^^^^^^^^^^^^^^^^^
  File "/home/faris/Documents/MyApps/supalove/control-plane/api/src/services/provisioning_local.py", line 91, in provision
    raise e
  File "/home/faris/Documents/MyApps/supalove/control-plane/api/src/services/provisioning_local.py", line 79, in provision
    raise Exception(f"Docker compose failed: {result.stderr}")
Exception: Docker compose failed: time="2025-12-22T22:28:30+03:00" level=warning msg="/home/faris/Documents/MyApps/supalove/data-plane/projects/566bee6f6f7f/docker-compose.yml: the attribute `version` is obsolete, it will be ignored, please remove it to avoid potential confusion"
 Network project_566bee6f6f7f_net Creating 
 Network project_566bee6f6f7f_net Created 
 Volume 566bee6f6f7f_storage_data Creating 
 Volume 566bee6f6f7f_storage_data Created 
 Volume 566bee6f6f7f_postgres_data Creating 
 Volume 566bee6f6f7f_postgres_data Created 
 Container 566bee6f6f7f-postgres-1 Creating 
 Container 566bee6f6f7f-postgres-1 Created 
 Container 566bee6f6f7f-realtime-1 Creating 
 Container 566bee6f6f7f-api-1 Creating 
 Container 566bee6f6f7f-auth-1 Creating 
 Container 566bee6f6f7f-api-1 Created 
 Container 566bee6f6f7f-functions-1 Creating 
 Container 566bee6f6f7f-storage-1 Creating 
 Container 566bee6f6f7f-auth-1 Created 
 Container 566bee6f6f7f-realtime-1 Created 
 Container 566bee6f6f7f-storage-1 Created 
 Container 566bee6f6f7f-functions-1 Created 
 Container 566bee6f6f7f-gateway-1 Creating 
 Container 566bee6f6f7f-gateway-1 Created 
 Container 566bee6f6f7f-postgres-1 Starting 
 Container 566bee6f6f7f-postgres-1 Started 
 Container 566bee6f6f7f-postgres-1 Waiting 
 Container 566bee6f6f7f-postgres-1 Waiting 
 Container 566bee6f6f7f-postgres-1 Waiting 
 Container 566bee6f6f7f-postgres-1 Error dependency postgres failed to start
 Container 566bee6f6f7f-postgres-1 Error dependency postgres failed to start
 Container 566bee6f6f7f-postgres-1 Error dependency postgres failed to start
dependency failed to start: container 566bee6f6f7f-postgres-1 exited (3)

DEBUG: Project c0aa8fc8fd92 secrets: ['DB_PASSWORD', 'JWT_SECRET', 'SECRET_KEY_BASE', 'DB_PORT', 'REST_PORT', 'REALTIME_PORT', 'STORAGE_PORT', 'AUTH_PORT', 'FUNCTIONS_PORT', 'ANON_KEY', 'SERVICE_ROLE_KEY', 'POSTGRES_DB', 'POSTGRES_USER']
INFO:     127.0.0.1:39222 - "GET /api/v1/projects/c0aa8fc8fd92/config HTTP/1.1" 200 OK
INFO:     127.0.0.1:57418 - "POST /api/v1/auth/login HTTP/1.1" 200 OK
INFO:     127.0.0.1:57422 - "GET /api/v1/projects HTTP/1.1" 200 OK
INFO:     127.0.0.1:57436 - "GET /api/v1/orgs HTTP/1.1" 200 OK
DEBUG: usage_service.check_limit called for projects
Successfully provisioned project d25539265b82 on ports: DB=5516, REST=5517
INFO:     127.0.0.1:57450 - "POST /api/v1/projects HTTP/1.1" 200 OK
DEBUG: Project d25539265b82 secrets: ['ANON_KEY', 'AUTH_PORT', 'DB_PASSWORD', 'DB_PORT', 'FUNCTIONS_PORT', 'GATEWAY_PORT', 'JWT_SECRET', 'POSTGRES_DB', 'POSTGRES_USER', 'REALTIME_PORT', 'REST_PORT', 'SECRET_KEY_BASE', 'SERVICE_ROLE_KEY', 'STORAGE_PORT']
INFO:     127.0.0.1:54354 - "GET /api/v1/projects/d25539265b82/config HTTP/1.1" 200 OK
INFO:     127.0.0.1:51928 - "POST /api/v1/auth/login HTTP/1.1" 200 OK
INFO:     127.0.0.1:51942 - "GET /api/v1/projects HTTP/1.1" 200 OK
INFO:     127.0.0.1:51946 - "GET /api/v1/orgs HTTP/1.1" 200 OK
DEBUG: usage_service.check_limit called for projects
Failed to start containers: time="2025-12-22T22:36:23+03:00" level=warning msg="/home/faris/Documents/MyApps/supalove/data-plane/projects/ba7f4f645946/docker-compose.yml: the attribute `version` is obsolete, it will be ignored, please remove it to avoid potential confusion"
 Network project_ba7f4f645946_net Creating 
 Network project_ba7f4f645946_net Error Error response from daemon: all predefined address pools have been fully subnetted
failed to create network project_ba7f4f645946_net: Error response from daemon: all predefined address pools have been fully subnetted

INFO:     127.0.0.1:51958 - "POST /api/v1/projects HTTP/1.1" 500 Internal Server Error
ERROR:    Exception in ASGI application
Traceback (most recent call last):
  File "/home/faris/Documents/MyApps/supalove/control-plane/api/.venv/lib/python3.12/site-packages/uvicorn/protocols/http/httptools_impl.py", line 409, in run_asgi
    result = await app(  # type: ignore[func-returns-value]
             ^^^^^^^^^^^^^^^^^^^^^^^^^^^^^^^^^^^^^^^^^^^^^^
  File "/home/faris/Documents/MyApps/supalove/control-plane/api/.venv/lib/python3.12/site-packages/uvicorn/middleware/proxy_headers.py", line 60, in __call__
    return await self.app(scope, receive, send)
           ^^^^^^^^^^^^^^^^^^^^^^^^^^^^^^^^^^^^
  File "/home/faris/Documents/MyApps/supalove/control-plane/api/.venv/lib/python3.12/site-packages/fastapi/applications.py", line 1135, in __call__
    await super().__call__(scope, receive, send)
  File "/home/faris/Documents/MyApps/supalove/control-plane/api/.venv/lib/python3.12/site-packages/starlette/applications.py", line 107, in __call__
    await self.middleware_stack(scope, receive, send)
  File "/home/faris/Documents/MyApps/supalove/control-plane/api/.venv/lib/python3.12/site-packages/starlette/middleware/errors.py", line 186, in __call__
    raise exc
  File "/home/faris/Documents/MyApps/supalove/control-plane/api/.venv/lib/python3.12/site-packages/starlette/middleware/errors.py", line 164, in __call__
    await self.app(scope, receive, _send)
  File "/home/faris/Documents/MyApps/supalove/control-plane/api/.venv/lib/python3.12/site-packages/starlette/middleware/base.py", line 191, in __call__
    with recv_stream, send_stream, collapse_excgroups():
  File "/usr/lib/python3.12/contextlib.py", line 158, in __exit__
    self.gen.throw(value)
  File "/home/faris/Documents/MyApps/supalove/control-plane/api/.venv/lib/python3.12/site-packages/starlette/_utils.py", line 85, in collapse_excgroups
    raise exc
  File "/home/faris/Documents/MyApps/supalove/control-plane/api/.venv/lib/python3.12/site-packages/starlette/middleware/base.py", line 193, in __call__
    response = await self.dispatch_func(request, call_next)
               ^^^^^^^^^^^^^^^^^^^^^^^^^^^^^^^^^^^^^^^^^^^^
  File "/home/faris/Documents/MyApps/supalove/control-plane/api/src/main.py", line 168, in track_requests
    response = await call_next(request)
               ^^^^^^^^^^^^^^^^^^^^^^^^
  File "/home/faris/Documents/MyApps/supalove/control-plane/api/.venv/lib/python3.12/site-packages/starlette/middleware/base.py", line 168, in call_next
    raise app_exc from app_exc.__cause__ or app_exc.__context__
  File "/home/faris/Documents/MyApps/supalove/control-plane/api/.venv/lib/python3.12/site-packages/starlette/middleware/base.py", line 144, in coro
    await self.app(scope, receive_or_disconnect, send_no_error)
  File "/home/faris/Documents/MyApps/supalove/control-plane/api/.venv/lib/python3.12/site-packages/starlette/middleware/cors.py", line 85, in __call__
    await self.app(scope, receive, send)
  File "/home/faris/Documents/MyApps/supalove/control-plane/api/.venv/lib/python3.12/site-packages/starlette/middleware/exceptions.py", line 63, in __call__
    await wrap_app_handling_exceptions(self.app, conn)(scope, receive, send)
  File "/home/faris/Documents/MyApps/supalove/control-plane/api/.venv/lib/python3.12/site-packages/starlette/_exception_handler.py", line 53, in wrapped_app
    raise exc
  File "/home/faris/Documents/MyApps/supalove/control-plane/api/.venv/lib/python3.12/site-packages/starlette/_exception_handler.py", line 42, in wrapped_app
    await app(scope, receive, sender)
  File "/home/faris/Documents/MyApps/supalove/control-plane/api/.venv/lib/python3.12/site-packages/fastapi/middleware/asyncexitstack.py", line 18, in __call__
    await self.app(scope, receive, send)
  File "/home/faris/Documents/MyApps/supalove/control-plane/api/.venv/lib/python3.12/site-packages/starlette/routing.py", line 716, in __call__
    await self.middleware_stack(scope, receive, send)
  File "/home/faris/Documents/MyApps/supalove/control-plane/api/.venv/lib/python3.12/site-packages/starlette/routing.py", line 736, in app
    await route.handle(scope, receive, send)
  File "/home/faris/Documents/MyApps/supalove/control-plane/api/.venv/lib/python3.12/site-packages/starlette/routing.py", line 290, in handle
    await self.app(scope, receive, send)
  File "/home/faris/Documents/MyApps/supalove/control-plane/api/.venv/lib/python3.12/site-packages/fastapi/routing.py", line 118, in app
    await wrap_app_handling_exceptions(app, request)(scope, receive, send)
  File "/home/faris/Documents/MyApps/supalove/control-plane/api/.venv/lib/python3.12/site-packages/starlette/_exception_handler.py", line 53, in wrapped_app
    raise exc
  File "/home/faris/Documents/MyApps/supalove/control-plane/api/.venv/lib/python3.12/site-packages/starlette/_exception_handler.py", line 42, in wrapped_app
    await app(scope, receive, sender)
  File "/home/faris/Documents/MyApps/supalove/control-plane/api/.venv/lib/python3.12/site-packages/fastapi/routing.py", line 104, in app
    response = await f(request)
               ^^^^^^^^^^^^^^^^
  File "/home/faris/Documents/MyApps/supalove/control-plane/api/.venv/lib/python3.12/site-packages/fastapi/routing.py", line 428, in app
    raw_response = await run_endpoint_function(
                   ^^^^^^^^^^^^^^^^^^^^^^^^^^^^
  File "/home/faris/Documents/MyApps/supalove/control-plane/api/.venv/lib/python3.12/site-packages/fastapi/routing.py", line 316, in run_endpoint_function
    return await run_in_threadpool(dependant.call, **values)
           ^^^^^^^^^^^^^^^^^^^^^^^^^^^^^^^^^^^^^^^^^^^^^^^^^
  File "/home/faris/Documents/MyApps/supalove/control-plane/api/.venv/lib/python3.12/site-packages/starlette/concurrency.py", line 32, in run_in_threadpool
    return await anyio.to_thread.run_sync(func)
           ^^^^^^^^^^^^^^^^^^^^^^^^^^^^^^^^^^^^
  File "/home/faris/Documents/MyApps/supalove/control-plane/api/.venv/lib/python3.12/site-packages/anyio/to_thread.py", line 61, in run_sync
    return await get_async_backend().run_sync_in_worker_thread(
           ^^^^^^^^^^^^^^^^^^^^^^^^^^^^^^^^^^^^^^^^^^^^^^^^^^^^
  File "/home/faris/Documents/MyApps/supalove/control-plane/api/.venv/lib/python3.12/site-packages/anyio/_backends/_asyncio.py", line 2525, in run_sync_in_worker_thread
    return await future
           ^^^^^^^^^^^^
  File "/home/faris/Documents/MyApps/supalove/control-plane/api/.venv/lib/python3.12/site-packages/anyio/_backends/_asyncio.py", line 986, in run
    result = context.run(func, *args)
             ^^^^^^^^^^^^^^^^^^^^^^^^
  File "/home/faris/Documents/MyApps/supalove/control-plane/api/src/api/v1/projects.py", line 97, in create
    return create_project(db, custom_domain=custom_domain, name=name, org_id=target_org_id)
           ^^^^^^^^^^^^^^^^^^^^^^^^^^^^^^^^^^^^^^^^^^^^^^^^^^^^^^^^^^^^^^^^^^^^^^^^^^^^^^^^
  File "/home/faris/Documents/MyApps/supalove/control-plane/api/src/services/project_service.py", line 108, in create_project
    raise e
  File "/home/faris/Documents/MyApps/supalove/control-plane/api/src/services/project_service.py", line 87, in create_project
    provision_output = provision_project(project_id, secrets, custom_domain=custom_domain)
                       ^^^^^^^^^^^^^^^^^^^^^^^^^^^^^^^^^^^^^^^^^^^^^^^^^^^^^^^^^^^^^^^^^^^
  File "/home/faris/Documents/MyApps/supalove/control-plane/api/src/services/provisioning_service.py", line 36, in provision_project
    return _provider.provision(project_id, secrets, custom_domain=custom_domain)
           ^^^^^^^^^^^^^^^^^^^^^^^^^^^^^^^^^^^^^^^^^^^^^^^^^^^^^^^^^^^^^^^^^^^^^
  File "/home/faris/Documents/MyApps/supalove/control-plane/api/src/services/provisioning_local.py", line 91, in provision
    raise e
  File "/home/faris/Documents/MyApps/supalove/control-plane/api/src/services/provisioning_local.py", line 79, in provision
    raise Exception(f"Docker compose failed: {result.stderr}")
Exception: Docker compose failed: time="2025-12-22T22:36:23+03:00" level=warning msg="/home/faris/Documents/MyApps/supalove/data-plane/projects/ba7f4f645946/docker-compose.yml: the attribute `version` is obsolete, it will be ignored, please remove it to avoid potential confusion"
 Network project_ba7f4f645946_net Creating 
 Network project_ba7f4f645946_net Error Error response from daemon: all predefined address pools have been fully subnetted
failed to create network project_ba7f4f645946_net: Error response from daemon: all predefined address pools have been fully subnetted

DEBUG: Project c0aa8fc8fd92 secrets: ['DB_PASSWORD', 'JWT_SECRET', 'SECRET_KEY_BASE', 'DB_PORT', 'REST_PORT', 'REALTIME_PORT', 'STORAGE_PORT', 'AUTH_PORT', 'FUNCTIONS_PORT', 'ANON_KEY', 'SERVICE_ROLE_KEY', 'POSTGRES_DB', 'POSTGRES_USER']
INFO:     127.0.0.1:51964 - "GET /api/v1/projects/c0aa8fc8fd92/config HTTP/1.1" 200 OK
INFO:     127.0.0.1:42086 - "OPTIONS /api/v1/orgs HTTP/1.1" 200 OK
INFO:     127.0.0.1:42090 - "GET /api/v1/orgs HTTP/1.1" 401 Unauthorized
INFO:     127.0.0.1:42090 - "OPTIONS /api/v1/auth/login HTTP/1.1" 200 OK
INFO:     127.0.0.1:42086 - "POST /api/v1/auth/login HTTP/1.1" 200 OK
INFO:     127.0.0.1:42086 - "GET /api/v1/orgs HTTP/1.1" 200 OK
INFO:     127.0.0.1:42086 - "OPTIONS /api/v1/projects?org_id=09c58234-02a0-4731-b7c4-6246c550930b HTTP/1.1" 200 OK
INFO:     127.0.0.1:42090 - "GET /api/v1/projects?org_id=09c58234-02a0-4731-b7c4-6246c550930b HTTP/1.1" 200 OK
INFO:     127.0.0.1:42090 - "GET /api/v1/projects?org_id=09c58234-02a0-4731-b7c4-6246c550930b HTTP/1.1" 200 OK
INFO:     127.0.0.1:37882 - "OPTIONS /api/v1/projects/6ade115b75b3 HTTP/1.1" 200 OK
INFO:     127.0.0.1:37890 - "OPTIONS /api/v1/projects/6ade115b75b3 HTTP/1.1" 200 OK
INFO:     127.0.0.1:37892 - "GET /api/v1/orgs HTTP/1.1" 200 OK
INFO:     127.0.0.1:37900 - "GET /api/v1/projects/6ade115b75b3 HTTP/1.1" 200 OK
INFO:     127.0.0.1:37900 - "GET /api/v1/projects/6ade115b75b3 HTTP/1.1" 200 OK
INFO:     127.0.0.1:32886 - "GET /api/v1/projects?org_id=09c58234-02a0-4731-b7c4-6246c550930b HTTP/1.1" 200 OK
INFO:     127.0.0.1:32886 - "GET /api/v1/projects?org_id=09c58234-02a0-4731-b7c4-6246c550930b HTTP/1.1" 200 OK
INFO:     127.0.0.1:38352 - "OPTIONS /api/v1/projects/891e97c1ef13 HTTP/1.1" 200 OK
INFO:     127.0.0.1:38356 - "OPTIONS /api/v1/projects/891e97c1ef13 HTTP/1.1" 200 OK
INFO:     127.0.0.1:38384 - "GET /api/v1/projects/891e97c1ef13 HTTP/1.1" 200 OK
INFO:     127.0.0.1:38370 - "GET /api/v1/orgs HTTP/1.1" 200 OK
INFO:     127.0.0.1:38370 - "GET /api/v1/projects/891e97c1ef13 HTTP/1.1" 200 OK
INFO:     127.0.0.1:38370 - "OPTIONS /api/v1/projects/891e97c1ef13/tables HTTP/1.1" 200 OK
INFO:     127.0.0.1:38384 - "OPTIONS /api/v1/projects/891e97c1ef13/auth/users HTTP/1.1" 200 OK
INFO:     127.0.0.1:38356 - "OPTIONS /api/v1/projects/891e97c1ef13/storage/buckets HTTP/1.1" 200 OK
INFO:     127.0.0.1:38352 - "GET /api/v1/projects/891e97c1ef13/tables HTTP/1.1" 200 OK
INFO:     127.0.0.1:38370 - "GET /api/v1/projects/891e97c1ef13/storage/buckets HTTP/1.1" 200 OK
INFO:     127.0.0.1:38356 - "GET /api/v1/projects/891e97c1ef13/auth/users HTTP/1.1" 200 OK
INFO:     127.0.0.1:53334 - "GET /api/v1/projects/891e97c1ef13/storage/buckets HTTP/1.1" 200 OK
INFO:     127.0.0.1:53334 - "GET /api/v1/projects/891e97c1ef13/storage/buckets HTTP/1.1" 200 OK
INFO:     127.0.0.1:42078 - "OPTIONS /api/v1/projects/891e97c1ef13/storage/buckets HTTP/1.1" 200 OK
[StorageService] Created bucket: project-891e97c1ef13-now
INFO:     127.0.0.1:42092 - "POST /api/v1/projects/891e97c1ef13/storage/buckets HTTP/1.1" 200 OK
INFO:     127.0.0.1:42092 - "GET /api/v1/projects/891e97c1ef13/storage/buckets HTTP/1.1" 200 OK
INFO:     127.0.0.1:42092 - "OPTIONS /api/v1/projects/891e97c1ef13/storage/buckets/project-891e97c1ef13-now/objects HTTP/1.1" 200 OK
INFO:     127.0.0.1:42078 - "GET /api/v1/projects/891e97c1ef13/storage/buckets/project-891e97c1ef13-now/objects HTTP/1.1" 200 OK
INFO:     127.0.0.1:37436 - "OPTIONS /api/v1/projects/891e97c1ef13/config HTTP/1.1" 200 OK
DEBUG: Project 891e97c1ef13 secrets: ['ANON_KEY', 'AUTH_PORT', 'DB_PASSWORD', 'DB_PORT', 'FUNCTIONS_PORT', 'GATEWAY_PORT', 'JWT_SECRET', 'POSTGRES_DB', 'POSTGRES_USER', 'REALTIME_PORT', 'REST_PORT', 'SECRET_KEY_BASE', 'SERVICE_ROLE_KEY', 'STORAGE_PORT']
INFO:     127.0.0.1:37458 - "GET /api/v1/projects/891e97c1ef13/config HTTP/1.1" 200 OK
DEBUG: Project 891e97c1ef13 secrets: ['ANON_KEY', 'AUTH_PORT', 'DB_PASSWORD', 'DB_PORT', 'FUNCTIONS_PORT', 'GATEWAY_PORT', 'JWT_SECRET', 'POSTGRES_DB', 'POSTGRES_USER', 'REALTIME_PORT', 'REST_PORT', 'SECRET_KEY_BASE', 'SERVICE_ROLE_KEY', 'STORAGE_PORT']
INFO:     127.0.0.1:37458 - "GET /api/v1/projects/891e97c1ef13/config HTTP/1.1" 200 OK
INFO:     127.0.0.1:37452 - "GET /api/v1/projects/891e97c1ef13/tables HTTP/1.1" 200 OK
DEBUG: Project 891e97c1ef13 secrets: ['ANON_KEY', 'AUTH_PORT', 'DB_PASSWORD', 'DB_PORT', 'FUNCTIONS_PORT', 'GATEWAY_PORT', 'JWT_SECRET', 'POSTGRES_DB', 'POSTGRES_USER', 'REALTIME_PORT', 'REST_PORT', 'SECRET_KEY_BASE', 'SERVICE_ROLE_KEY', 'STORAGE_PORT']
INFO:     127.0.0.1:37458 - "GET /api/v1/projects/891e97c1ef13/config HTTP/1.1" 200 OK
DEBUG: Project 891e97c1ef13 secrets: ['ANON_KEY', 'AUTH_PORT', 'DB_PASSWORD', 'DB_PORT', 'FUNCTIONS_PORT', 'GATEWAY_PORT', 'JWT_SECRET', 'POSTGRES_DB', 'POSTGRES_USER', 'REALTIME_PORT', 'REST_PORT', 'SECRET_KEY_BASE', 'SERVICE_ROLE_KEY', 'STORAGE_PORT']
INFO:     127.0.0.1:37458 - "GET /api/v1/projects/891e97c1ef13/config HTTP/1.1" 200 OK
INFO:     127.0.0.1:37452 - "GET /api/v1/projects/891e97c1ef13/tables HTTP/1.1" 200 OK
INFO:     127.0.0.1:60956 - "GET /api/v1/projects/891e97c1ef13/tables HTTP/1.1" 200 OK
INFO:     127.0.0.1:60956 - "GET /api/v1/projects/891e97c1ef13/tables HTTP/1.1" 200 OK
INFO:     127.0.0.1:59608 - "OPTIONS /api/v1/projects/891e97c1ef13/sql HTTP/1.1" 200 OK
INFO:     127.0.0.1:59622 - "POST /api/v1/projects/891e97c1ef13/sql HTTP/1.1" 200 OK
INFO:     127.0.0.1:60508 - "POST /api/v1/projects/891e97c1ef13/sql HTTP/1.1" 200 OK
INFO:     127.0.0.1:33242 - "GET /api/v1/orgs HTTP/1.1" 200 OK
INFO:     127.0.0.1:33242 - "GET /api/v1/projects?org_id=09c58234-02a0-4731-b7c4-6246c550930b HTTP/1.1" 200 OK
INFO:     127.0.0.1:33242 - "GET /api/v1/projects?org_id=09c58234-02a0-4731-b7c4-6246c550930b HTTP/1.1" 200 OK
INFO:     127.0.0.1:33242 - "OPTIONS /api/v1/projects/2104626b7d3f HTTP/1.1" 200 OK
INFO:     127.0.0.1:33248 - "OPTIONS /api/v1/projects/2104626b7d3f HTTP/1.1" 200 OK
INFO:     127.0.0.1:33242 - "GET /api/v1/orgs HTTP/1.1" 200 OK
INFO:     127.0.0.1:33256 - "GET /api/v1/projects/2104626b7d3f HTTP/1.1" 200 OK
INFO:     127.0.0.1:33242 - "GET /api/v1/projects/2104626b7d3f HTTP/1.1" 200 OK
INFO:     127.0.0.1:33242 - "OPTIONS /api/v1/projects/2104626b7d3f/tables HTTP/1.1" 200 OK
INFO:     127.0.0.1:33256 - "OPTIONS /api/v1/projects/2104626b7d3f/auth/users HTTP/1.1" 200 OK
INFO:     127.0.0.1:33248 - "OPTIONS /api/v1/projects/2104626b7d3f/storage/buckets HTTP/1.1" 200 OK
INFO:     127.0.0.1:33242 - "GET /api/v1/projects/2104626b7d3f/storage/buckets HTTP/1.1" 200 OK
INFO:     127.0.0.1:33258 - "GET /api/v1/projects/2104626b7d3f/tables HTTP/1.1" 200 OK
INFO:     127.0.0.1:33258 - "OPTIONS /api/v1/projects/2104626b7d3f/tables/test_table/data HTTP/1.1" 200 OK
GoTrue not reachable at http://localhost:9999
INFO:     127.0.0.1:33248 - "GET /api/v1/projects/2104626b7d3f/auth/users HTTP/1.1" 200 OK
INFO:     127.0.0.1:33242 - "GET /api/v1/projects/2104626b7d3f/tables/test_table/data HTTP/1.1" 200 OK
INFO:     127.0.0.1:33242 - "OPTIONS /api/v1/projects/2104626b7d3f/tables/test_table/schema HTTP/1.1" 200 OK
INFO:     127.0.0.1:33258 - "OPTIONS /api/v1/projects/2104626b7d3f/tables/test_table/constraints HTTP/1.1" 200 OK
INFO:     127.0.0.1:33242 - "OPTIONS /api/v1/projects/2104626b7d3f/tables/test_table/indexes HTTP/1.1" 200 OK
INFO:     127.0.0.1:33256 - "OPTIONS /api/v1/projects/2104626b7d3f/tables/test_table/policies HTTP/1.1" 200 OK
INFO:     127.0.0.1:33258 - "OPTIONS /api/v1/projects/2104626b7d3f/tables/test_table/policies HTTP/1.1" 200 OK
INFO:     127.0.0.1:33248 - "GET /api/v1/projects/2104626b7d3f/tables/test_table/schema HTTP/1.1" 200 OK
INFO:     127.0.0.1:33242 - "GET /api/v1/projects/2104626b7d3f/tables/test_table/constraints HTTP/1.1" 200 OK
INFO:     127.0.0.1:58984 - "GET /api/v1/projects/2104626b7d3f/tables/test_table/indexes HTTP/1.1" 200 OK
INFO:     127.0.0.1:58986 - "GET /api/v1/projects/2104626b7d3f/tables/test_table/policies HTTP/1.1" 200 OK
INFO:     127.0.0.1:33248 - "GET /api/v1/projects/2104626b7d3f/tables/test_table/schema HTTP/1.1" 200 OK
INFO:     127.0.0.1:33258 - "GET /api/v1/projects/2104626b7d3f/tables/test_table/data HTTP/1.1" 200 OK
INFO:     127.0.0.1:58984 - "GET /api/v1/projects/2104626b7d3f/tables/test_table/indexes HTTP/1.1" 200 OK
INFO:     127.0.0.1:33242 - "GET /api/v1/projects/2104626b7d3f/tables/test_table/constraints HTTP/1.1" 200 OK
INFO:     127.0.0.1:58986 - "GET /api/v1/projects/2104626b7d3f/tables/test_table/policies HTTP/1.1" 200 OK
INFO:     127.0.0.1:58986 - "GET /api/v1/projects/2104626b7d3f/tables/test_table/data HTTP/1.1" 200 OK
INFO:     127.0.0.1:58998 - "GET /api/v1/projects/2104626b7d3f/tables HTTP/1.1" 200 OK
INFO:     127.0.0.1:58998 - "GET /api/v1/projects/2104626b7d3f/tables HTTP/1.1" 200 OK
INFO:     127.0.0.1:47644 - "OPTIONS /api/v1/projects/2104626b7d3f/sql HTTP/1.1" 200 OK
INFO:     127.0.0.1:47648 - "POST /api/v1/projects/2104626b7d3f/sql HTTP/1.1" 200 OK
INFO:     127.0.0.1:47648 - "GET /api/v1/projects/2104626b7d3f/tables HTTP/1.1" 200 OK
INFO:     127.0.0.1:52268 - "GET /api/v1/projects?org_id=09c58234-02a0-4731-b7c4-6246c550930b HTTP/1.1" 200 OK
INFO:     127.0.0.1:52268 - "GET /api/v1/projects?org_id=09c58234-02a0-4731-b7c4-6246c550930b HTTP/1.1" 200 OK
INFO:     127.0.0.1:52268 - "GET /api/v1/projects/891e97c1ef13 HTTP/1.1" 200 OK
INFO:     127.0.0.1:49870 - "GET /api/v1/orgs HTTP/1.1" 200 OK
INFO:     127.0.0.1:49870 - "GET /api/v1/projects/891e97c1ef13 HTTP/1.1" 200 OK
INFO:     127.0.0.1:49872 - "GET /api/v1/projects/891e97c1ef13/storage/buckets HTTP/1.1" 200 OK
INFO:     127.0.0.1:49870 - "GET /api/v1/projects/891e97c1ef13/tables HTTP/1.1" 200 OK
INFO:     127.0.0.1:52268 - "GET /api/v1/projects/891e97c1ef13/auth/users HTTP/1.1" 200 OK
INFO:     127.0.0.1:49882 - "GET /api/v1/projects/891e97c1ef13/tables HTTP/1.1" 200 OK
INFO:     127.0.0.1:49894 - "GET /api/v1/projects/891e97c1ef13/tables HTTP/1.1" 200 OK
INFO:     127.0.0.1:41862 - "POST /api/v1/projects/891e97c1ef13/sql HTTP/1.1" 200 OK
INFO:     127.0.0.1:55006 - "POST /api/v1/auth/login HTTP/1.1" 200 OK
INFO:     127.0.0.1:55020 - "GET /api/v1/projects HTTP/1.1" 200 OK
INFO:     127.0.0.1:55036 - "GET /api/v1/orgs HTTP/1.1" 200 OK
DEBUG: usage_service.check_limit called for projects
Failed to start containers: time="2025-12-22T22:47:17+03:00" level=warning msg="/home/faris/Documents/MyApps/supalove/data-plane/projects/8cb9335557b5/docker-compose.yml: the attribute `version` is obsolete, it will be ignored, please remove it to avoid potential confusion"
 Network project_8cb9335557b5_net Creating 
 Network project_8cb9335557b5_net Error Error response from daemon: all predefined address pools have been fully subnetted
failed to create network project_8cb9335557b5_net: Error response from daemon: all predefined address pools have been fully subnetted

INFO:     127.0.0.1:55052 - "POST /api/v1/projects HTTP/1.1" 500 Internal Server Error
ERROR:    Exception in ASGI application
Traceback (most recent call last):
  File "/home/faris/Documents/MyApps/supalove/control-plane/api/.venv/lib/python3.12/site-packages/uvicorn/protocols/http/httptools_impl.py", line 409, in run_asgi
    result = await app(  # type: ignore[func-returns-value]
             ^^^^^^^^^^^^^^^^^^^^^^^^^^^^^^^^^^^^^^^^^^^^^^
  File "/home/faris/Documents/MyApps/supalove/control-plane/api/.venv/lib/python3.12/site-packages/uvicorn/middleware/proxy_headers.py", line 60, in __call__
    return await self.app(scope, receive, send)
           ^^^^^^^^^^^^^^^^^^^^^^^^^^^^^^^^^^^^
  File "/home/faris/Documents/MyApps/supalove/control-plane/api/.venv/lib/python3.12/site-packages/fastapi/applications.py", line 1135, in __call__
    await super().__call__(scope, receive, send)
  File "/home/faris/Documents/MyApps/supalove/control-plane/api/.venv/lib/python3.12/site-packages/starlette/applications.py", line 107, in __call__
    await self.middleware_stack(scope, receive, send)
  File "/home/faris/Documents/MyApps/supalove/control-plane/api/.venv/lib/python3.12/site-packages/starlette/middleware/errors.py", line 186, in __call__
    raise exc
  File "/home/faris/Documents/MyApps/supalove/control-plane/api/.venv/lib/python3.12/site-packages/starlette/middleware/errors.py", line 164, in __call__
    await self.app(scope, receive, _send)
  File "/home/faris/Documents/MyApps/supalove/control-plane/api/.venv/lib/python3.12/site-packages/starlette/middleware/base.py", line 191, in __call__
    with recv_stream, send_stream, collapse_excgroups():
  File "/usr/lib/python3.12/contextlib.py", line 158, in __exit__
    self.gen.throw(value)
  File "/home/faris/Documents/MyApps/supalove/control-plane/api/.venv/lib/python3.12/site-packages/starlette/_utils.py", line 85, in collapse_excgroups
    raise exc
  File "/home/faris/Documents/MyApps/supalove/control-plane/api/.venv/lib/python3.12/site-packages/starlette/middleware/base.py", line 193, in __call__
    response = await self.dispatch_func(request, call_next)
               ^^^^^^^^^^^^^^^^^^^^^^^^^^^^^^^^^^^^^^^^^^^^
  File "/home/faris/Documents/MyApps/supalove/control-plane/api/src/main.py", line 168, in track_requests
    response = await call_next(request)
               ^^^^^^^^^^^^^^^^^^^^^^^^
  File "/home/faris/Documents/MyApps/supalove/control-plane/api/.venv/lib/python3.12/site-packages/starlette/middleware/base.py", line 168, in call_next
    raise app_exc from app_exc.__cause__ or app_exc.__context__
  File "/home/faris/Documents/MyApps/supalove/control-plane/api/.venv/lib/python3.12/site-packages/starlette/middleware/base.py", line 144, in coro
    await self.app(scope, receive_or_disconnect, send_no_error)
  File "/home/faris/Documents/MyApps/supalove/control-plane/api/.venv/lib/python3.12/site-packages/starlette/middleware/cors.py", line 85, in __call__
    await self.app(scope, receive, send)
  File "/home/faris/Documents/MyApps/supalove/control-plane/api/.venv/lib/python3.12/site-packages/starlette/middleware/exceptions.py", line 63, in __call__
    await wrap_app_handling_exceptions(self.app, conn)(scope, receive, send)
  File "/home/faris/Documents/MyApps/supalove/control-plane/api/.venv/lib/python3.12/site-packages/starlette/_exception_handler.py", line 53, in wrapped_app
    raise exc
  File "/home/faris/Documents/MyApps/supalove/control-plane/api/.venv/lib/python3.12/site-packages/starlette/_exception_handler.py", line 42, in wrapped_app
    await app(scope, receive, sender)
  File "/home/faris/Documents/MyApps/supalove/control-plane/api/.venv/lib/python3.12/site-packages/fastapi/middleware/asyncexitstack.py", line 18, in __call__
    await self.app(scope, receive, send)
  File "/home/faris/Documents/MyApps/supalove/control-plane/api/.venv/lib/python3.12/site-packages/starlette/routing.py", line 716, in __call__
    await self.middleware_stack(scope, receive, send)
  File "/home/faris/Documents/MyApps/supalove/control-plane/api/.venv/lib/python3.12/site-packages/starlette/routing.py", line 736, in app
    await route.handle(scope, receive, send)
  File "/home/faris/Documents/MyApps/supalove/control-plane/api/.venv/lib/python3.12/site-packages/starlette/routing.py", line 290, in handle
    await self.app(scope, receive, send)
  File "/home/faris/Documents/MyApps/supalove/control-plane/api/.venv/lib/python3.12/site-packages/fastapi/routing.py", line 118, in app
    await wrap_app_handling_exceptions(app, request)(scope, receive, send)
  File "/home/faris/Documents/MyApps/supalove/control-plane/api/.venv/lib/python3.12/site-packages/starlette/_exception_handler.py", line 53, in wrapped_app
    raise exc
  File "/home/faris/Documents/MyApps/supalove/control-plane/api/.venv/lib/python3.12/site-packages/starlette/_exception_handler.py", line 42, in wrapped_app
    await app(scope, receive, sender)
  File "/home/faris/Documents/MyApps/supalove/control-plane/api/.venv/lib/python3.12/site-packages/fastapi/routing.py", line 104, in app
    response = await f(request)
               ^^^^^^^^^^^^^^^^
  File "/home/faris/Documents/MyApps/supalove/control-plane/api/.venv/lib/python3.12/site-packages/fastapi/routing.py", line 428, in app
    raw_response = await run_endpoint_function(
                   ^^^^^^^^^^^^^^^^^^^^^^^^^^^^
  File "/home/faris/Documents/MyApps/supalove/control-plane/api/.venv/lib/python3.12/site-packages/fastapi/routing.py", line 316, in run_endpoint_function
    return await run_in_threadpool(dependant.call, **values)
           ^^^^^^^^^^^^^^^^^^^^^^^^^^^^^^^^^^^^^^^^^^^^^^^^^
  File "/home/faris/Documents/MyApps/supalove/control-plane/api/.venv/lib/python3.12/site-packages/starlette/concurrency.py", line 32, in run_in_threadpool
    return await anyio.to_thread.run_sync(func)
           ^^^^^^^^^^^^^^^^^^^^^^^^^^^^^^^^^^^^
  File "/home/faris/Documents/MyApps/supalove/control-plane/api/.venv/lib/python3.12/site-packages/anyio/to_thread.py", line 61, in run_sync
    return await get_async_backend().run_sync_in_worker_thread(
           ^^^^^^^^^^^^^^^^^^^^^^^^^^^^^^^^^^^^^^^^^^^^^^^^^^^^
  File "/home/faris/Documents/MyApps/supalove/control-plane/api/.venv/lib/python3.12/site-packages/anyio/_backends/_asyncio.py", line 2525, in run_sync_in_worker_thread
    return await future
           ^^^^^^^^^^^^
  File "/home/faris/Documents/MyApps/supalove/control-plane/api/.venv/lib/python3.12/site-packages/anyio/_backends/_asyncio.py", line 986, in run
    result = context.run(func, *args)
             ^^^^^^^^^^^^^^^^^^^^^^^^
  File "/home/faris/Documents/MyApps/supalove/control-plane/api/src/api/v1/projects.py", line 97, in create
    return create_project(db, custom_domain=custom_domain, name=name, org_id=target_org_id)
           ^^^^^^^^^^^^^^^^^^^^^^^^^^^^^^^^^^^^^^^^^^^^^^^^^^^^^^^^^^^^^^^^^^^^^^^^^^^^^^^^
  File "/home/faris/Documents/MyApps/supalove/control-plane/api/src/services/project_service.py", line 108, in create_project
    raise e
  File "/home/faris/Documents/MyApps/supalove/control-plane/api/src/services/project_service.py", line 87, in create_project
    provision_output = provision_project(project_id, secrets, custom_domain=custom_domain)
                       ^^^^^^^^^^^^^^^^^^^^^^^^^^^^^^^^^^^^^^^^^^^^^^^^^^^^^^^^^^^^^^^^^^^
  File "/home/faris/Documents/MyApps/supalove/control-plane/api/src/services/provisioning_service.py", line 36, in provision_project
    return _provider.provision(project_id, secrets, custom_domain=custom_domain)
           ^^^^^^^^^^^^^^^^^^^^^^^^^^^^^^^^^^^^^^^^^^^^^^^^^^^^^^^^^^^^^^^^^^^^^
  File "/home/faris/Documents/MyApps/supalove/control-plane/api/src/services/provisioning_local.py", line 91, in provision
    raise e
  File "/home/faris/Documents/MyApps/supalove/control-plane/api/src/services/provisioning_local.py", line 79, in provision
    raise Exception(f"Docker compose failed: {result.stderr}")
Exception: Docker compose failed: time="2025-12-22T22:47:17+03:00" level=warning msg="/home/faris/Documents/MyApps/supalove/data-plane/projects/8cb9335557b5/docker-compose.yml: the attribute `version` is obsolete, it will be ignored, please remove it to avoid potential confusion"
 Network project_8cb9335557b5_net Creating 
 Network project_8cb9335557b5_net Error Error response from daemon: all predefined address pools have been fully subnetted
failed to create network project_8cb9335557b5_net: Error response from daemon: all predefined address pools have been fully subnetted

DEBUG: Project ba7f4f645946 secrets: ['ANON_KEY', 'AUTH_PORT', 'DB_PASSWORD', 'DB_PORT', 'FUNCTIONS_PORT', 'GATEWAY_PORT', 'JWT_SECRET', 'POSTGRES_DB', 'POSTGRES_USER', 'REALTIME_PORT', 'REST_PORT', 'SECRET_KEY_BASE', 'SERVICE_ROLE_KEY', 'STORAGE_PORT']
INFO:     127.0.0.1:55068 - "GET /api/v1/projects/ba7f4f645946/config HTTP/1.1" 200 OK
INFO:     127.0.0.1:52380 - "OPTIONS /api/v1/projects/891e97c1ef13 HTTP/1.1" 200 OK
INFO:     127.0.0.1:52396 - "OPTIONS /api/v1/projects/891e97c1ef13 HTTP/1.1" 200 OK
INFO:     127.0.0.1:52406 - "GET /api/v1/projects/891e97c1ef13 HTTP/1.1" 401 Unauthorized
INFO:     127.0.0.1:52396 - "GET /api/v1/projects/891e97c1ef13 HTTP/1.1" 401 Unauthorized
INFO:     127.0.0.1:52406 - "OPTIONS /api/v1/orgs HTTP/1.1" 200 OK
INFO:     127.0.0.1:52396 - "GET /api/v1/projects/891e97c1ef13 HTTP/1.1" 401 Unauthorized
INFO:     127.0.0.1:52380 - "GET /api/v1/orgs HTTP/1.1" 401 Unauthorized
INFO:     127.0.0.1:52406 - "GET /api/v1/projects/891e97c1ef13 HTTP/1.1" 401 Unauthorized
INFO:     127.0.0.1:52406 - "OPTIONS /api/v1/auth/login HTTP/1.1" 200 OK
INFO:     127.0.0.1:52380 - "POST /api/v1/auth/login HTTP/1.1" 200 OK
INFO:     127.0.0.1:52380 - "GET /api/v1/orgs HTTP/1.1" 200 OK
INFO:     127.0.0.1:52380 - "OPTIONS /api/v1/projects?org_id=09c58234-02a0-4731-b7c4-6246c550930b HTTP/1.1" 200 OK
INFO:     127.0.0.1:52406 - "GET /api/v1/projects?org_id=09c58234-02a0-4731-b7c4-6246c550930b HTTP/1.1" 200 OK
INFO:     127.0.0.1:52406 - "GET /api/v1/projects?org_id=09c58234-02a0-4731-b7c4-6246c550930b HTTP/1.1" 200 OK
